{"/Users/shonhason/As1/src/server.ts": {"path":"/Users/shonhason/As1/src/server.ts","statementMap":{"0":{"start":{"line":1,"column":0},"end":{"line":1,"column":43}},"1":{"start":{"line":2,"column":0},"end":{"line":2,"column":32}},"2":{"start":{"line":3,"column":0},"end":{"line":3,"column":37}},"3":{"start":{"line":4,"column":0},"end":{"line":4,"column":48}},"4":{"start":{"line":5,"column":0},"end":{"line":5,"column":54}},"5":{"start":{"line":6,"column":0},"end":{"line":6,"column":46}},"6":{"start":{"line":7,"column":0},"end":{"line":7,"column":46}},"7":{"start":{"line":8,"column":0},"end":{"line":8,"column":43}},"8":{"start":{"line":9,"column":0},"end":{"line":9,"column":41}},"9":{"start":{"line":10,"column":0},"end":{"line":10,"column":28}},"10":{"start":{"line":12,"column":0},"end":{"line":12,"column":16}},"11":{"start":{"line":14,"column":12},"end":{"line":14,"column":21}},"12":{"start":{"line":15,"column":0},"end":{"line":15,"column":44}},"13":{"start":{"line":16,"column":0},"end":{"line":16,"column":27}},"14":{"start":{"line":17,"column":0},"end":{"line":17,"column":51}},"15":{"start":{"line":19,"column":0},"end":{"line":24,"column":3}},"16":{"start":{"line":20,"column":2},"end":{"line":20,"column":49}},"17":{"start":{"line":21,"column":2},"end":{"line":21,"column":50}},"18":{"start":{"line":22,"column":2},"end":{"line":22,"column":50}},"19":{"start":{"line":23,"column":2},"end":{"line":23,"column":9}},"20":{"start":{"line":26,"column":0},"end":{"line":26,"column":29}},"21":{"start":{"line":27,"column":0},"end":{"line":27,"column":31}},"22":{"start":{"line":28,"column":0},"end":{"line":28,"column":37}},"23":{"start":{"line":29,"column":0},"end":{"line":29,"column":null}},"24":{"start":{"line":30,"column":0},"end":{"line":30,"column":44}},"25":{"start":{"line":33,"column":16},"end":{"line":44,"column":2}},"26":{"start":{"line":45,"column":14},"end":{"line":45,"column":35}},"27":{"start":{"line":46,"column":0},"end":{"line":46,"column":62}},"28":{"start":{"line":48,"column":24},"end":{"line":70,"column":2}},"29":{"start":{"line":48,"column":53},"end":{"line":70,"column":2}},"30":{"start":{"line":49,"column":2},"end":{"line":69,"column":5}},"31":{"start":{"line":50,"column":15},"end":{"line":50,"column":34}},"32":{"start":{"line":52,"column":4},"end":{"line":54,"column":7}},"33":{"start":{"line":53,"column":6},"end":{"line":53,"column":57}},"34":{"start":{"line":56,"column":4},"end":{"line":58,"column":7}},"35":{"start":{"line":57,"column":6},"end":{"line":57,"column":43}},"36":{"start":{"line":60,"column":4},"end":{"line":68,"column":5}},"37":{"start":{"line":61,"column":6},"end":{"line":61,"column":62}},"38":{"start":{"line":62,"column":6},"end":{"line":62,"column":15}},"39":{"start":{"line":63,"column":6},"end":{"line":63,"column":13}},"40":{"start":{"line":65,"column":6},"end":{"line":67,"column":9}},"41":{"start":{"line":66,"column":8},"end":{"line":66,"column":21}},"42":{"start":{"line":72,"column":0},"end":{"line":72,"column":35}}},"fnMap":{"0":{"name":"(anonymous_8)","decl":{"start":{"line":19,"column":8},"end":{"line":19,"column":9}},"loc":{"start":{"line":19,"column":28},"end":{"line":24,"column":1}}},"1":{"name":"(anonymous_9)","decl":{"start":{"line":48,"column":24},"end":{"line":48,"column":51}},"loc":{"start":{"line":48,"column":53},"end":{"line":70,"column":2}}},"2":{"name":"(anonymous_10)","decl":{"start":{"line":48,"column":53},"end":{"line":48,"column":null}},"loc":{"start":{"line":48,"column":53},"end":{"line":70,"column":1}}},"3":{"name":"(anonymous_11)","decl":{"start":{"line":49,"column":30},"end":{"line":49,"column":31}},"loc":{"start":{"line":49,"column":50},"end":{"line":69,"column":3}}},"4":{"name":"(anonymous_12)","decl":{"start":{"line":52,"column":19},"end":{"line":52,"column":20}},"loc":{"start":{"line":52,"column":29},"end":{"line":54,"column":5}}},"5":{"name":"(anonymous_13)","decl":{"start":{"line":56,"column":20},"end":{"line":56,"column":23}},"loc":{"start":{"line":56,"column":25},"end":{"line":58,"column":5}}},"6":{"name":"(anonymous_14)","decl":{"start":{"line":65,"column":54},"end":{"line":65,"column":57}},"loc":{"start":{"line":65,"column":59},"end":{"line":67,"column":7}}}},"branchMap":{"0":{"loc":{"start":{"line":60,"column":4},"end":{"line":68,"column":5}},"type":"if","locations":[{"start":{"line":60,"column":4},"end":{"line":68,"column":5}},{"start":{"line":64,"column":11},"end":{"line":68,"column":5}}]}},"s":{"0":1,"1":1,"2":1,"3":1,"4":1,"5":1,"6":1,"7":1,"8":1,"9":1,"10":1,"11":1,"12":1,"13":1,"14":1,"15":1,"16":2,"17":2,"18":2,"19":2,"20":1,"21":1,"22":1,"23":1,"24":1,"25":1,"26":1,"27":1,"28":1,"29":1,"30":1,"31":1,"32":1,"33":0,"34":1,"35":1,"36":1,"37":0,"38":0,"39":0,"40":1,"41":1,"42":1},"f":{"0":2,"1":1,"2":1,"3":1,"4":0,"5":1,"6":1},"b":{"0":[0,1]}}
,"/Users/shonhason/As1/src/controllers/auth_controller.ts": {"path":"/Users/shonhason/As1/src/controllers/auth_controller.ts","statementMap":{"0":{"start":{"line":2,"column":0},"end":{"line":2,"column":46}},"1":{"start":{"line":3,"column":0},"end":{"line":3,"column":28}},"2":{"start":{"line":4,"column":0},"end":{"line":4,"column":31}},"3":{"start":{"line":5,"column":0},"end":{"line":5,"column":51}},"4":{"start":{"line":6,"column":0},"end":{"line":6,"column":28}},"5":{"start":{"line":7,"column":0},"end":{"line":7,"column":16}},"6":{"start":{"line":9,"column":25},"end":{"line":9,"column":59}},"7":{"start":{"line":10,"column":15},"end":{"line":10,"column":49}},"8":{"start":{"line":13,"column":25},"end":{"line":60,"column":2}},"9":{"start":{"line":13,"column":63},"end":{"line":60,"column":2}},"10":{"start":{"line":14,"column":20},"end":{"line":14,"column":28}},"11":{"start":{"line":15,"column":2},"end":{"line":59,"column":3}},"12":{"start":{"line":16,"column":19},"end":{"line":19,"column":6}},"13":{"start":{"line":21,"column":20},"end":{"line":21,"column":39}},"14":{"start":{"line":22,"column":4},"end":{"line":25,"column":5}},"15":{"start":{"line":23,"column":6},"end":{"line":23,"column":55}},"16":{"start":{"line":24,"column":6},"end":{"line":24,"column":12}},"17":{"start":{"line":27,"column":22},"end":{"line":27,"column":29}},"18":{"start":{"line":29,"column":15},"end":{"line":29,"column":49}},"19":{"start":{"line":31,"column":4},"end":{"line":37,"column":5}},"20":{"start":{"line":32,"column":6},"end":{"line":35,"column":9}},"21":{"start":{"line":36,"column":6},"end":{"line":36,"column":24}},"22":{"start":{"line":38,"column":19},"end":{"line":38,"column":54}},"23":{"start":{"line":39,"column":4},"end":{"line":42,"column":5}},"24":{"start":{"line":40,"column":6},"end":{"line":40,"column":67}},"25":{"start":{"line":41,"column":6},"end":{"line":41,"column":13}},"26":{"start":{"line":43,"column":42},"end":{"line":43,"column":48}},"27":{"start":{"line":45,"column":4},"end":{"line":45,"column":42}},"28":{"start":{"line":46,"column":4},"end":{"line":46,"column":22}},"29":{"start":{"line":47,"column":4},"end":{"line":52,"column":7}},"30":{"start":{"line":53,"column":4},"end":{"line":53,"column":11}},"31":{"start":{"line":56,"column":4},"end":{"line":56,"column":25}},"32":{"start":{"line":57,"column":4},"end":{"line":57,"column":74}},"33":{"start":{"line":58,"column":4},"end":{"line":58,"column":12}},"34":{"start":{"line":63,"column":17},"end":{"line":95,"column":2}},"35":{"start":{"line":63,"column":55},"end":{"line":95,"column":2}},"36":{"start":{"line":64,"column":40},"end":{"line":64,"column":48}},"37":{"start":{"line":65,"column":2},"end":{"line":73,"column":3}},"38":{"start":{"line":71,"column":4},"end":{"line":71,"column":60}},"39":{"start":{"line":72,"column":4},"end":{"line":72,"column":11}},"40":{"start":{"line":74,"column":15},"end":{"line":74,"column":56}},"41":{"start":{"line":75,"column":2},"end":{"line":78,"column":3}},"42":{"start":{"line":76,"column":4},"end":{"line":76,"column":48}},"43":{"start":{"line":77,"column":4},"end":{"line":77,"column":11}},"44":{"start":{"line":79,"column":2},"end":{"line":94,"column":3}},"45":{"start":{"line":80,"column":17},"end":{"line":80,"column":41}},"46":{"start":{"line":81,"column":27},"end":{"line":81,"column":60}},"47":{"start":{"line":82,"column":20},"end":{"line":86,"column":6}},"48":{"start":{"line":87,"column":4},"end":{"line":87,"column":32}},"49":{"start":{"line":88,"column":4},"end":{"line":88,"column":34}},"50":{"start":{"line":89,"column":4},"end":{"line":89,"column":11}},"51":{"start":{"line":91,"column":4},"end":{"line":91,"column":21}},"52":{"start":{"line":92,"column":4},"end":{"line":92,"column":20}},"53":{"start":{"line":93,"column":4},"end":{"line":93,"column":11}},"54":{"start":{"line":97,"column":23},"end":{"line":116,"column":1}},"55":{"start":{"line":98,"column":15},"end":{"line":98,"column":51}},"56":{"start":{"line":99,"column":16},"end":{"line":99,"column":52}},"57":{"start":{"line":100,"column":2},"end":{"line":102,"column":3}},"58":{"start":{"line":101,"column":4},"end":{"line":101,"column":16}},"59":{"start":{"line":103,"column":22},"end":{"line":106,"column":null}},"60":{"start":{"line":109,"column":23},"end":{"line":112,"column":null}},"61":{"start":{"line":115,"column":2},"end":{"line":115,"column":39}},"62":{"start":{"line":118,"column":14},"end":{"line":165,"column":2}},"63":{"start":{"line":118,"column":52},"end":{"line":165,"column":2}},"64":{"start":{"line":119,"column":40},"end":{"line":119,"column":48}},"65":{"start":{"line":121,"column":2},"end":{"line":129,"column":3}},"66":{"start":{"line":127,"column":4},"end":{"line":127,"column":60}},"67":{"start":{"line":128,"column":4},"end":{"line":128,"column":11}},"68":{"start":{"line":130,"column":2},"end":{"line":164,"column":3}},"69":{"start":{"line":131,"column":17},"end":{"line":131,"column":110}},"70":{"start":{"line":132,"column":4},"end":{"line":136,"column":5}},"71":{"start":{"line":134,"column":6},"end":{"line":134,"column":65}},"72":{"start":{"line":135,"column":6},"end":{"line":135,"column":13}},"73":{"start":{"line":137,"column":26},"end":{"line":137,"column":71}},"74":{"start":{"line":138,"column":4},"end":{"line":141,"column":5}},"75":{"start":{"line":139,"column":6},"end":{"line":139,"column":65}},"76":{"start":{"line":140,"column":6},"end":{"line":140,"column":13}},"77":{"start":{"line":142,"column":19},"end":{"line":142,"column":54}},"78":{"start":{"line":143,"column":4},"end":{"line":146,"column":5}},"79":{"start":{"line":144,"column":6},"end":{"line":144,"column":53}},"80":{"start":{"line":145,"column":6},"end":{"line":145,"column":13}},"81":{"start":{"line":147,"column":4},"end":{"line":149,"column":5}},"82":{"start":{"line":148,"column":6},"end":{"line":148,"column":30}},"83":{"start":{"line":150,"column":4},"end":{"line":150,"column":49}},"84":{"start":{"line":151,"column":4},"end":{"line":151,"column":22}},"85":{"start":{"line":153,"column":4},"end":{"line":153,"column":31}},"86":{"start":{"line":154,"column":4},"end":{"line":159,"column":7}},"87":{"start":{"line":160,"column":4},"end":{"line":160,"column":11}},"88":{"start":{"line":162,"column":4},"end":{"line":162,"column":30}},"89":{"start":{"line":163,"column":4},"end":{"line":163,"column":11}},"90":{"start":{"line":171,"column":15},"end":{"line":217,"column":2}},"91":{"start":{"line":171,"column":53},"end":{"line":217,"column":2}},"92":{"start":{"line":172,"column":23},"end":{"line":172,"column":44}},"93":{"start":{"line":173,"column":13},"end":{"line":173,"column":29}},"94":{"start":{"line":174,"column":2},"end":{"line":177,"column":3}},"95":{"start":{"line":175,"column":4},"end":{"line":175,"column":50}},"96":{"start":{"line":176,"column":4},"end":{"line":176,"column":11}},"97":{"start":{"line":179,"column":2},"end":{"line":182,"column":3}},"98":{"start":{"line":180,"column":4},"end":{"line":180,"column":49}},"99":{"start":{"line":181,"column":4},"end":{"line":181,"column":11}},"100":{"start":{"line":183,"column":2},"end":{"line":216,"column":4}},"101":{"start":{"line":186,"column":35},"end":{"line":215,"column":null}},"102":{"start":{"line":187,"column":6},"end":{"line":190,"column":7}},"103":{"start":{"line":188,"column":8},"end":{"line":188,"column":54}},"104":{"start":{"line":189,"column":8},"end":{"line":189,"column":15}},"105":{"start":{"line":191,"column":22},"end":{"line":191,"column":42}},"106":{"start":{"line":192,"column":6},"end":{"line":214,"column":7}},"107":{"start":{"line":193,"column":21},"end":{"line":193,"column":58}},"108":{"start":{"line":194,"column":8},"end":{"line":197,"column":9}},"109":{"start":{"line":195,"column":10},"end":{"line":195,"column":58}},"110":{"start":{"line":196,"column":10},"end":{"line":196,"column":17}},"111":{"start":{"line":198,"column":8},"end":{"line":203,"column":9}},"112":{"start":{"line":199,"column":10},"end":{"line":199,"column":34}},"113":{"start":{"line":200,"column":10},"end":{"line":200,"column":28}},"114":{"start":{"line":201,"column":10},"end":{"line":201,"column":70}},"115":{"start":{"line":202,"column":10},"end":{"line":202,"column":17}},"116":{"start":{"line":204,"column":8},"end":{"line":206,"column":10}},"117":{"start":{"line":205,"column":21},"end":{"line":205,"column":43}},"118":{"start":{"line":207,"column":8},"end":{"line":207,"column":26}},"119":{"start":{"line":208,"column":8},"end":{"line":208,"column":43}},"120":{"start":{"line":209,"column":8},"end":{"line":209,"column":15}},"121":{"start":{"line":211,"column":8},"end":{"line":211,"column":25}},"122":{"start":{"line":212,"column":8},"end":{"line":212,"column":46}},"123":{"start":{"line":213,"column":8},"end":{"line":213,"column":15}},"124":{"start":{"line":219,"column":16},"end":{"line":284,"column":2}},"125":{"start":{"line":219,"column":54},"end":{"line":284,"column":2}},"126":{"start":{"line":221,"column":23},"end":{"line":221,"column":44}},"127":{"start":{"line":222,"column":2},"end":{"line":225,"column":3}},"128":{"start":{"line":223,"column":4},"end":{"line":223,"column":50}},"129":{"start":{"line":224,"column":4},"end":{"line":224,"column":11}},"130":{"start":{"line":226,"column":2},"end":{"line":229,"column":3}},"131":{"start":{"line":227,"column":4},"end":{"line":227,"column":49}},"132":{"start":{"line":228,"column":4},"end":{"line":228,"column":11}},"133":{"start":{"line":231,"column":2},"end":{"line":283,"column":4}},"134":{"start":{"line":234,"column":34},"end":{"line":282,"column":null}},"135":{"start":{"line":235,"column":6},"end":{"line":238,"column":7}},"136":{"start":{"line":236,"column":8},"end":{"line":236,"column":54}},"137":{"start":{"line":237,"column":8},"end":{"line":237,"column":15}},"138":{"start":{"line":242,"column":22},"end":{"line":242,"column":42}},"139":{"start":{"line":243,"column":6},"end":{"line":281,"column":7}},"140":{"start":{"line":244,"column":21},"end":{"line":244,"column":58}},"141":{"start":{"line":245,"column":8},"end":{"line":248,"column":9}},"142":{"start":{"line":246,"column":10},"end":{"line":246,"column":56}},"143":{"start":{"line":247,"column":10},"end":{"line":247,"column":17}},"144":{"start":{"line":251,"column":8},"end":{"line":256,"column":9}},"145":{"start":{"line":252,"column":10},"end":{"line":252,"column":34}},"146":{"start":{"line":253,"column":10},"end":{"line":253,"column":28}},"147":{"start":{"line":254,"column":10},"end":{"line":254,"column":56}},"148":{"start":{"line":255,"column":10},"end":{"line":255,"column":17}},"149":{"start":{"line":259,"column":26},"end":{"line":259,"column":61}},"150":{"start":{"line":260,"column":8},"end":{"line":265,"column":9}},"151":{"start":{"line":261,"column":10},"end":{"line":261,"column":34}},"152":{"start":{"line":262,"column":10},"end":{"line":262,"column":28}},"153":{"start":{"line":263,"column":10},"end":{"line":263,"column":55}},"154":{"start":{"line":264,"column":10},"end":{"line":264,"column":17}},"155":{"start":{"line":267,"column":8},"end":{"line":269,"column":10}},"156":{"start":{"line":268,"column":21},"end":{"line":268,"column":43}},"157":{"start":{"line":271,"column":8},"end":{"line":271,"column":56}},"158":{"start":{"line":272,"column":8},"end":{"line":272,"column":26}},"159":{"start":{"line":274,"column":8},"end":{"line":277,"column":11}},"160":{"start":{"line":279,"column":8},"end":{"line":279,"column":25}},"161":{"start":{"line":280,"column":8},"end":{"line":280,"column":46}},"162":{"start":{"line":286,"column":30},"end":{"line":312,"column":1}},"163":{"start":{"line":291,"column":21},"end":{"line":291,"column":49}},"164":{"start":{"line":292,"column":16},"end":{"line":292,"column":54}},"165":{"start":{"line":293,"column":2},"end":{"line":296,"column":3}},"166":{"start":{"line":294,"column":4},"end":{"line":294,"column":42}},"167":{"start":{"line":295,"column":4},"end":{"line":295,"column":11}},"168":{"start":{"line":297,"column":2},"end":{"line":311,"column":3}},"169":{"start":{"line":298,"column":4},"end":{"line":298,"column":49}},"170":{"start":{"line":299,"column":4},"end":{"line":299,"column":11}},"171":{"start":{"line":301,"column":4},"end":{"line":310,"column":7}},"172":{"start":{"line":302,"column":6},"end":{"line":305,"column":7}},"173":{"start":{"line":303,"column":8},"end":{"line":303,"column":46}},"174":{"start":{"line":304,"column":8},"end":{"line":304,"column":15}},"175":{"start":{"line":306,"column":22},"end":{"line":306,"column":42}},"176":{"start":{"line":307,"column":6},"end":{"line":307,"column":37}},"177":{"start":{"line":309,"column":6},"end":{"line":309,"column":13}},"178":{"start":{"line":286,"column":13},"end":{"line":286,"column":30}},"179":{"start":{"line":314,"column":0},"end":{"line":314,"column":70}}},"fnMap":{"0":{"name":"(anonymous_8)","decl":{"start":{"line":13,"column":25},"end":{"line":13,"column":32}},"loc":{"start":{"line":13,"column":63},"end":{"line":60,"column":2}}},"1":{"name":"(anonymous_9)","decl":{"start":{"line":13,"column":63},"end":{"line":13,"column":null}},"loc":{"start":{"line":13,"column":63},"end":{"line":60,"column":1}}},"2":{"name":"(anonymous_10)","decl":{"start":{"line":63,"column":17},"end":{"line":63,"column":24}},"loc":{"start":{"line":63,"column":55},"end":{"line":95,"column":2}}},"3":{"name":"(anonymous_11)","decl":{"start":{"line":63,"column":55},"end":{"line":63,"column":null}},"loc":{"start":{"line":63,"column":55},"end":{"line":95,"column":1}}},"4":{"name":"(anonymous_12)","decl":{"start":{"line":97,"column":23},"end":{"line":97,"column":24}},"loc":{"start":{"line":97,"column":93},"end":{"line":116,"column":1}}},"5":{"name":"(anonymous_13)","decl":{"start":{"line":118,"column":14},"end":{"line":118,"column":21}},"loc":{"start":{"line":118,"column":52},"end":{"line":165,"column":2}}},"6":{"name":"(anonymous_14)","decl":{"start":{"line":118,"column":52},"end":{"line":118,"column":null}},"loc":{"start":{"line":118,"column":52},"end":{"line":165,"column":1}}},"7":{"name":"(anonymous_15)","decl":{"start":{"line":171,"column":15},"end":{"line":171,"column":22}},"loc":{"start":{"line":171,"column":53},"end":{"line":217,"column":2}}},"8":{"name":"(anonymous_16)","decl":{"start":{"line":171,"column":53},"end":{"line":171,"column":null}},"loc":{"start":{"line":171,"column":53},"end":{"line":217,"column":1}}},"9":{"name":"(anonymous_17)","decl":{"start":{"line":186,"column":4},"end":{"line":186,"column":11}},"loc":{"start":{"line":186,"column":35},"end":{"line":215,"column":null}}},"10":{"name":"(anonymous_18)","decl":{"start":{"line":186,"column":35},"end":{"line":186,"column":null}},"loc":{"start":{"line":186,"column":35},"end":{"line":215,"column":5}}},"11":{"name":"(anonymous_19)","decl":{"start":{"line":205,"column":10},"end":{"line":205,"column":11}},"loc":{"start":{"line":205,"column":21},"end":{"line":205,"column":43}}},"12":{"name":"(anonymous_20)","decl":{"start":{"line":219,"column":16},"end":{"line":219,"column":23}},"loc":{"start":{"line":219,"column":54},"end":{"line":284,"column":2}}},"13":{"name":"(anonymous_21)","decl":{"start":{"line":219,"column":54},"end":{"line":219,"column":null}},"loc":{"start":{"line":219,"column":54},"end":{"line":284,"column":1}}},"14":{"name":"(anonymous_22)","decl":{"start":{"line":234,"column":4},"end":{"line":234,"column":11}},"loc":{"start":{"line":234,"column":34},"end":{"line":282,"column":null}}},"15":{"name":"(anonymous_23)","decl":{"start":{"line":234,"column":34},"end":{"line":234,"column":null}},"loc":{"start":{"line":234,"column":34},"end":{"line":282,"column":5}}},"16":{"name":"(anonymous_24)","decl":{"start":{"line":268,"column":10},"end":{"line":268,"column":11}},"loc":{"start":{"line":268,"column":21},"end":{"line":268,"column":43}}},"17":{"name":"(anonymous_25)","decl":{"start":{"line":286,"column":30},"end":{"line":286,"column":null}},"loc":{"start":{"line":290,"column":4},"end":{"line":312,"column":1}}},"18":{"name":"(anonymous_26)","decl":{"start":{"line":301,"column":48},"end":{"line":301,"column":49}},"loc":{"start":{"line":301,"column":62},"end":{"line":310,"column":5}}}},"branchMap":{"0":{"loc":{"start":{"line":9,"column":25},"end":{"line":9,"column":59}},"type":"binary-expr","locations":[{"start":{"line":9,"column":25},"end":{"line":9,"column":53}},{"start":{"line":9,"column":57},"end":{"line":9,"column":59}}]},"1":{"loc":{"start":{"line":22,"column":4},"end":{"line":25,"column":5}},"type":"if","locations":[{"start":{"line":22,"column":4},"end":{"line":25,"column":5}}]},"2":{"loc":{"start":{"line":31,"column":4},"end":{"line":37,"column":5}},"type":"if","locations":[{"start":{"line":31,"column":4},"end":{"line":37,"column":5}}]},"3":{"loc":{"start":{"line":39,"column":4},"end":{"line":42,"column":5}},"type":"if","locations":[{"start":{"line":39,"column":4},"end":{"line":42,"column":5}}]},"4":{"loc":{"start":{"line":65,"column":2},"end":{"line":73,"column":3}},"type":"if","locations":[{"start":{"line":65,"column":2},"end":{"line":73,"column":3}}]},"5":{"loc":{"start":{"line":66,"column":4},"end":{"line":69,"column":31}},"type":"binary-expr","locations":[{"start":{"line":66,"column":4},"end":{"line":66,"column":10}},{"start":{"line":67,"column":4},"end":{"line":67,"column":13}},{"start":{"line":68,"column":4},"end":{"line":68,"column":28}},{"start":{"line":69,"column":4},"end":{"line":69,"column":31}}]},"6":{"loc":{"start":{"line":75,"column":2},"end":{"line":78,"column":3}},"type":"if","locations":[{"start":{"line":75,"column":2},"end":{"line":78,"column":3}}]},"7":{"loc":{"start":{"line":100,"column":2},"end":{"line":102,"column":3}},"type":"if","locations":[{"start":{"line":100,"column":2},"end":{"line":102,"column":3}}]},"8":{"loc":{"start":{"line":121,"column":2},"end":{"line":129,"column":3}},"type":"if","locations":[{"start":{"line":121,"column":2},"end":{"line":129,"column":3}}]},"9":{"loc":{"start":{"line":122,"column":4},"end":{"line":125,"column":32}},"type":"binary-expr","locations":[{"start":{"line":122,"column":4},"end":{"line":122,"column":20}},{"start":{"line":123,"column":4},"end":{"line":123,"column":13}},{"start":{"line":124,"column":4},"end":{"line":124,"column":39}},{"start":{"line":125,"column":4},"end":{"line":125,"column":32}}]},"10":{"loc":{"start":{"line":132,"column":4},"end":{"line":136,"column":5}},"type":"if","locations":[{"start":{"line":132,"column":4},"end":{"line":136,"column":5}}]},"11":{"loc":{"start":{"line":138,"column":4},"end":{"line":141,"column":5}},"type":"if","locations":[{"start":{"line":138,"column":4},"end":{"line":141,"column":5}}]},"12":{"loc":{"start":{"line":143,"column":4},"end":{"line":146,"column":5}},"type":"if","locations":[{"start":{"line":143,"column":4},"end":{"line":146,"column":5}}]},"13":{"loc":{"start":{"line":147,"column":4},"end":{"line":149,"column":5}},"type":"if","locations":[{"start":{"line":147,"column":4},"end":{"line":149,"column":5}}]},"14":{"loc":{"start":{"line":174,"column":2},"end":{"line":177,"column":3}},"type":"if","locations":[{"start":{"line":174,"column":2},"end":{"line":177,"column":3}}]},"15":{"loc":{"start":{"line":179,"column":2},"end":{"line":182,"column":3}},"type":"if","locations":[{"start":{"line":179,"column":2},"end":{"line":182,"column":3}}]},"16":{"loc":{"start":{"line":187,"column":6},"end":{"line":190,"column":7}},"type":"if","locations":[{"start":{"line":187,"column":6},"end":{"line":190,"column":7}}]},"17":{"loc":{"start":{"line":194,"column":8},"end":{"line":197,"column":9}},"type":"if","locations":[{"start":{"line":194,"column":8},"end":{"line":197,"column":9}}]},"18":{"loc":{"start":{"line":198,"column":8},"end":{"line":203,"column":9}},"type":"if","locations":[{"start":{"line":198,"column":8},"end":{"line":203,"column":9}}]},"19":{"loc":{"start":{"line":198,"column":12},"end":{"line":198,"column":77}},"type":"binary-expr","locations":[{"start":{"line":198,"column":12},"end":{"line":198,"column":31}},{"start":{"line":198,"column":35},"end":{"line":198,"column":77}}]},"20":{"loc":{"start":{"line":222,"column":2},"end":{"line":225,"column":3}},"type":"if","locations":[{"start":{"line":222,"column":2},"end":{"line":225,"column":3}}]},"21":{"loc":{"start":{"line":226,"column":2},"end":{"line":229,"column":3}},"type":"if","locations":[{"start":{"line":226,"column":2},"end":{"line":229,"column":3}}]},"22":{"loc":{"start":{"line":235,"column":6},"end":{"line":238,"column":7}},"type":"if","locations":[{"start":{"line":235,"column":6},"end":{"line":238,"column":7}}]},"23":{"loc":{"start":{"line":245,"column":8},"end":{"line":248,"column":9}},"type":"if","locations":[{"start":{"line":245,"column":8},"end":{"line":248,"column":9}}]},"24":{"loc":{"start":{"line":251,"column":8},"end":{"line":256,"column":9}},"type":"if","locations":[{"start":{"line":251,"column":8},"end":{"line":256,"column":9}}]},"25":{"loc":{"start":{"line":251,"column":12},"end":{"line":251,"column":77}},"type":"binary-expr","locations":[{"start":{"line":251,"column":12},"end":{"line":251,"column":31}},{"start":{"line":251,"column":35},"end":{"line":251,"column":77}}]},"26":{"loc":{"start":{"line":260,"column":8},"end":{"line":265,"column":9}},"type":"if","locations":[{"start":{"line":260,"column":8},"end":{"line":265,"column":9}}]},"27":{"loc":{"start":{"line":292,"column":16},"end":{"line":292,"column":54}},"type":"binary-expr","locations":[{"start":{"line":292,"column":16},"end":{"line":292,"column":26}},{"start":{"line":292,"column":30},"end":{"line":292,"column":54}}]},"28":{"loc":{"start":{"line":293,"column":2},"end":{"line":296,"column":3}},"type":"if","locations":[{"start":{"line":293,"column":2},"end":{"line":296,"column":3}}]},"29":{"loc":{"start":{"line":297,"column":2},"end":{"line":311,"column":3}},"type":"if","locations":[{"start":{"line":297,"column":2},"end":{"line":311,"column":3}},{"start":{"line":300,"column":9},"end":{"line":311,"column":3}}]},"30":{"loc":{"start":{"line":302,"column":6},"end":{"line":305,"column":7}},"type":"if","locations":[{"start":{"line":302,"column":6},"end":{"line":305,"column":7}}]}},"s":{"0":1,"1":1,"2":1,"3":1,"4":1,"5":1,"6":1,"7":1,"8":1,"9":0,"10":0,"11":0,"12":0,"13":0,"14":0,"15":0,"16":0,"17":0,"18":0,"19":0,"20":0,"21":0,"22":0,"23":0,"24":0,"25":0,"26":0,"27":0,"28":0,"29":0,"30":0,"31":0,"32":0,"33":0,"34":1,"35":0,"36":0,"37":0,"38":0,"39":0,"40":0,"41":0,"42":0,"43":0,"44":0,"45":0,"46":0,"47":0,"48":0,"49":0,"50":0,"51":0,"52":0,"53":0,"54":1,"55":0,"56":0,"57":0,"58":0,"59":0,"60":0,"61":0,"62":1,"63":0,"64":0,"65":0,"66":0,"67":0,"68":0,"69":0,"70":0,"71":0,"72":0,"73":0,"74":0,"75":0,"76":0,"77":0,"78":0,"79":0,"80":0,"81":0,"82":0,"83":0,"84":0,"85":0,"86":0,"87":0,"88":0,"89":0,"90":1,"91":0,"92":0,"93":0,"94":0,"95":0,"96":0,"97":0,"98":0,"99":0,"100":0,"101":0,"102":0,"103":0,"104":0,"105":0,"106":0,"107":0,"108":0,"109":0,"110":0,"111":0,"112":0,"113":0,"114":0,"115":0,"116":0,"117":0,"118":0,"119":0,"120":0,"121":0,"122":0,"123":0,"124":1,"125":0,"126":0,"127":0,"128":0,"129":0,"130":0,"131":0,"132":0,"133":0,"134":0,"135":0,"136":0,"137":0,"138":0,"139":0,"140":0,"141":0,"142":0,"143":0,"144":0,"145":0,"146":0,"147":0,"148":0,"149":0,"150":0,"151":0,"152":0,"153":0,"154":0,"155":0,"156":0,"157":0,"158":0,"159":0,"160":0,"161":0,"162":1,"163":0,"164":0,"165":0,"166":0,"167":0,"168":0,"169":0,"170":0,"171":0,"172":0,"173":0,"174":0,"175":0,"176":0,"177":0,"178":1,"179":1},"f":{"0":0,"1":0,"2":0,"3":0,"4":0,"5":0,"6":0,"7":0,"8":0,"9":0,"10":0,"11":0,"12":0,"13":0,"14":0,"15":0,"16":0,"17":0,"18":0},"b":{"0":[1,0],"1":[0],"2":[0],"3":[0],"4":[0],"5":[0,0,0,0],"6":[0],"7":[0],"8":[0],"9":[0,0,0,0],"10":[0],"11":[0],"12":[0],"13":[0],"14":[0],"15":[0],"16":[0],"17":[0],"18":[0],"19":[0,0],"20":[0],"21":[0],"22":[0],"23":[0],"24":[0],"25":[0,0],"26":[0],"27":[0,0],"28":[0],"29":[0,0],"30":[0]}}
,"/Users/shonhason/As1/src/controllers/base_controller.ts": {"path":"/Users/shonhason/As1/src/controllers/base_controller.ts","statementMap":{"0":{"start":{"line":7,"column":4},"end":{"line":7,"column":23}},"1":{"start":{"line":11,"column":4},"end":{"line":23,"column":5}},"2":{"start":{"line":12,"column":22},"end":{"line":12,"column":55}},"3":{"start":{"line":13,"column":6},"end":{"line":19,"column":7}},"4":{"start":{"line":14,"column":8},"end":{"line":14,"column":60}},"5":{"start":{"line":15,"column":8},"end":{"line":15,"column":15}},"6":{"start":{"line":17,"column":8},"end":{"line":17,"column":38}},"7":{"start":{"line":18,"column":8},"end":{"line":18,"column":15}},"8":{"start":{"line":21,"column":6},"end":{"line":21,"column":34}},"9":{"start":{"line":22,"column":6},"end":{"line":22,"column":13}},"10":{"start":{"line":27,"column":24},"end":{"line":27,"column":39}},"11":{"start":{"line":29,"column":4},"end":{"line":46,"column":5}},"12":{"start":{"line":30,"column":6},"end":{"line":42,"column":7}},"13":{"start":{"line":31,"column":22},"end":{"line":31,"column":67}},"14":{"start":{"line":32,"column":8},"end":{"line":35,"column":9}},"15":{"start":{"line":33,"column":10},"end":{"line":33,"column":69}},"16":{"start":{"line":34,"column":10},"end":{"line":34,"column":17}},"17":{"start":{"line":36,"column":8},"end":{"line":36,"column":36}},"18":{"start":{"line":37,"column":8},"end":{"line":37,"column":15}},"19":{"start":{"line":39,"column":22},"end":{"line":39,"column":45}},"20":{"start":{"line":40,"column":8},"end":{"line":40,"column":36}},"21":{"start":{"line":41,"column":8},"end":{"line":41,"column":15}},"22":{"start":{"line":44,"column":6},"end":{"line":44,"column":25}},"23":{"start":{"line":45,"column":6},"end":{"line":45,"column":34}},"24":{"start":{"line":50,"column":20},"end":{"line":50,"column":34}},"25":{"start":{"line":51,"column":4},"end":{"line":51,"column":29}},"26":{"start":{"line":52,"column":4},"end":{"line":65,"column":5}},"27":{"start":{"line":53,"column":19},"end":{"line":53,"column":53}},"28":{"start":{"line":55,"column":6},"end":{"line":61,"column":7}},"29":{"start":{"line":56,"column":8},"end":{"line":56,"column":61}},"30":{"start":{"line":57,"column":8},"end":{"line":57,"column":15}},"31":{"start":{"line":59,"column":8},"end":{"line":59,"column":35}},"32":{"start":{"line":60,"column":8},"end":{"line":60,"column":15}},"33":{"start":{"line":63,"column":6},"end":{"line":63,"column":34}},"34":{"start":{"line":64,"column":6},"end":{"line":64,"column":13}},"35":{"start":{"line":4,"column":0},"end":{"line":4,"column":13}},"36":{"start":{"line":68,"column":25},"end":{"line":70,"column":1}},"37":{"start":{"line":69,"column":2},"end":{"line":69,"column":35}},"38":{"start":{"line":72,"column":0},"end":{"line":72,"column":32}}},"fnMap":{"0":{"name":"(anonymous_7)","decl":{"start":{"line":6,"column":2},"end":{"line":6,"column":14}},"loc":{"start":{"line":6,"column":29},"end":{"line":8,"column":3}}},"1":{"name":"(anonymous_8)","decl":{"start":{"line":10,"column":8},"end":{"line":10,"column":14}},"loc":{"start":{"line":10,"column":42},"end":{"line":24,"column":null}}},"2":{"name":"(anonymous_10)","decl":{"start":{"line":26,"column":8},"end":{"line":26,"column":14}},"loc":{"start":{"line":26,"column":42},"end":{"line":47,"column":null}}},"3":{"name":"(anonymous_12)","decl":{"start":{"line":49,"column":8},"end":{"line":49,"column":15}},"loc":{"start":{"line":49,"column":43},"end":{"line":66,"column":null}}},"4":{"name":"(anonymous_14)","decl":{"start":{"line":68,"column":25},"end":{"line":68,"column":29}},"loc":{"start":{"line":68,"column":48},"end":{"line":70,"column":1}}}},"branchMap":{"0":{"loc":{"start":{"line":13,"column":6},"end":{"line":19,"column":7}},"type":"if","locations":[{"start":{"line":13,"column":6},"end":{"line":19,"column":7}},{"start":{"line":16,"column":13},"end":{"line":19,"column":7}}]},"1":{"loc":{"start":{"line":30,"column":6},"end":{"line":42,"column":7}},"type":"if","locations":[{"start":{"line":30,"column":6},"end":{"line":42,"column":7}},{"start":{"line":38,"column":13},"end":{"line":42,"column":7}}]},"2":{"loc":{"start":{"line":32,"column":8},"end":{"line":35,"column":9}},"type":"if","locations":[{"start":{"line":32,"column":8},"end":{"line":35,"column":9}}]},"3":{"loc":{"start":{"line":55,"column":6},"end":{"line":61,"column":7}},"type":"if","locations":[{"start":{"line":55,"column":6},"end":{"line":61,"column":7}},{"start":{"line":58,"column":13},"end":{"line":61,"column":7}}]}},"s":{"0":2,"1":0,"2":0,"3":0,"4":0,"5":0,"6":0,"7":0,"8":0,"9":0,"10":0,"11":0,"12":0,"13":0,"14":0,"15":0,"16":0,"17":0,"18":0,"19":0,"20":0,"21":0,"22":0,"23":0,"24":0,"25":0,"26":0,"27":0,"28":0,"29":0,"30":0,"31":0,"32":0,"33":0,"34":0,"35":1,"36":1,"37":0,"38":1},"f":{"0":2,"1":0,"2":0,"3":0,"4":0},"b":{"0":[0,0],"1":[0,0],"2":[0],"3":[0,0]}}
,"/Users/shonhason/As1/src/controllers/comments_controller.ts": {"path":"/Users/shonhason/As1/src/controllers/comments_controller.ts","statementMap":{"0":{"start":{"line":1,"column":0},"end":{"line":1,"column":68}},"1":{"start":{"line":3,"column":0},"end":{"line":3,"column":51}},"2":{"start":{"line":7,"column":4},"end":{"line":7,"column":25}},"3":{"start":{"line":11,"column":19},"end":{"line":11,"column":35}},"4":{"start":{"line":12,"column":4},"end":{"line":12,"column":60}},"5":{"start":{"line":13,"column":4},"end":{"line":13,"column":24}},"6":{"start":{"line":14,"column":4},"end":{"line":25,"column":5}},"7":{"start":{"line":15,"column":30},"end":{"line":15,"column":74}},"8":{"start":{"line":16,"column":6},"end":{"line":22,"column":7}},"9":{"start":{"line":17,"column":8},"end":{"line":17,"column":68}},"10":{"start":{"line":18,"column":8},"end":{"line":18,"column":15}},"11":{"start":{"line":20,"column":8},"end":{"line":20,"column":46}},"12":{"start":{"line":21,"column":8},"end":{"line":21,"column":15}},"13":{"start":{"line":24,"column":6},"end":{"line":24,"column":34}},"14":{"start":{"line":29,"column":22},"end":{"line":29,"column":36}},"15":{"start":{"line":30,"column":23},"end":{"line":30,"column":39}},"16":{"start":{"line":31,"column":4},"end":{"line":47,"column":5}},"17":{"start":{"line":32,"column":30},"end":{"line":35,"column":null}},"18":{"start":{"line":37,"column":6},"end":{"line":43,"column":7}},"19":{"start":{"line":38,"column":8},"end":{"line":38,"column":74}},"20":{"start":{"line":39,"column":8},"end":{"line":39,"column":15}},"21":{"start":{"line":41,"column":8},"end":{"line":41,"column":46}},"22":{"start":{"line":42,"column":8},"end":{"line":42,"column":15}},"23":{"start":{"line":45,"column":6},"end":{"line":45,"column":34}},"24":{"start":{"line":46,"column":6},"end":{"line":46,"column":13}},"25":{"start":{"line":51,"column":22},"end":{"line":51,"column":36}},"26":{"start":{"line":52,"column":4},"end":{"line":66,"column":5}},"27":{"start":{"line":53,"column":25},"end":{"line":55,"column":8}},"28":{"start":{"line":56,"column":6},"end":{"line":62,"column":7}},"29":{"start":{"line":57,"column":8},"end":{"line":57,"column":73}},"30":{"start":{"line":58,"column":8},"end":{"line":58,"column":15}},"31":{"start":{"line":60,"column":8},"end":{"line":60,"column":41}},"32":{"start":{"line":61,"column":8},"end":{"line":61,"column":15}},"33":{"start":{"line":64,"column":6},"end":{"line":64,"column":34}},"34":{"start":{"line":65,"column":6},"end":{"line":65,"column":13}},"35":{"start":{"line":87,"column":0},"end":{"line":87,"column":39}}},"fnMap":{"0":{"name":"(anonymous_8)","decl":{"start":{"line":6,"column":2},"end":{"line":6,"column":null}},"loc":{"start":{"line":6,"column":2},"end":{"line":8,"column":3}}},"1":{"name":"(anonymous_9)","decl":{"start":{"line":10,"column":8},"end":{"line":10,"column":38}},"loc":{"start":{"line":10,"column":66},"end":{"line":26,"column":null}}},"2":{"name":"(anonymous_11)","decl":{"start":{"line":28,"column":8},"end":{"line":28,"column":21}},"loc":{"start":{"line":28,"column":49},"end":{"line":48,"column":null}}},"3":{"name":"(anonymous_13)","decl":{"start":{"line":50,"column":8},"end":{"line":50,"column":21}},"loc":{"start":{"line":50,"column":49},"end":{"line":67,"column":null}}}},"branchMap":{"0":{"loc":{"start":{"line":16,"column":6},"end":{"line":22,"column":7}},"type":"if","locations":[{"start":{"line":16,"column":6},"end":{"line":22,"column":7}},{"start":{"line":19,"column":13},"end":{"line":22,"column":7}}]},"1":{"loc":{"start":{"line":37,"column":6},"end":{"line":43,"column":7}},"type":"if","locations":[{"start":{"line":37,"column":6},"end":{"line":43,"column":7}},{"start":{"line":40,"column":13},"end":{"line":43,"column":7}}]},"2":{"loc":{"start":{"line":56,"column":6},"end":{"line":62,"column":7}},"type":"if","locations":[{"start":{"line":56,"column":6},"end":{"line":62,"column":7}},{"start":{"line":59,"column":13},"end":{"line":62,"column":7}}]}},"s":{"0":1,"1":1,"2":1,"3":0,"4":0,"5":0,"6":0,"7":0,"8":0,"9":0,"10":0,"11":0,"12":0,"13":0,"14":0,"15":0,"16":0,"17":0,"18":0,"19":0,"20":0,"21":0,"22":0,"23":0,"24":0,"25":0,"26":0,"27":0,"28":0,"29":0,"30":0,"31":0,"32":0,"33":0,"34":0,"35":1},"f":{"0":1,"1":0,"2":0,"3":0},"b":{"0":[0,0],"1":[0,0],"2":[0,0]}}
,"/Users/shonhason/As1/src/controllers/posts_controller.ts": {"path":"/Users/shonhason/As1/src/controllers/posts_controller.ts","statementMap":{"0":{"start":{"line":1,"column":0},"end":{"line":1,"column":59}},"1":{"start":{"line":3,"column":0},"end":{"line":3,"column":51}},"2":{"start":{"line":10,"column":4},"end":{"line":10,"column":17}},"3":{"start":{"line":14,"column":19},"end":{"line":14,"column":33}},"4":{"start":{"line":15,"column":4},"end":{"line":27,"column":5}},"5":{"start":{"line":16,"column":27},"end":{"line":16,"column":109}},"6":{"start":{"line":17,"column":6},"end":{"line":23,"column":7}},"7":{"start":{"line":18,"column":8},"end":{"line":18,"column":67}},"8":{"start":{"line":19,"column":8},"end":{"line":19,"column":15}},"9":{"start":{"line":21,"column":8},"end":{"line":21,"column":43}},"10":{"start":{"line":22,"column":8},"end":{"line":22,"column":15}},"11":{"start":{"line":25,"column":6},"end":{"line":25,"column":34}},"12":{"start":{"line":26,"column":6},"end":{"line":26,"column":13}},"13":{"start":{"line":32,"column":19},"end":{"line":32,"column":33}},"14":{"start":{"line":33,"column":4},"end":{"line":45,"column":5}},"15":{"start":{"line":34,"column":27},"end":{"line":34,"column":108}},"16":{"start":{"line":35,"column":6},"end":{"line":41,"column":7}},"17":{"start":{"line":36,"column":8},"end":{"line":36,"column":67}},"18":{"start":{"line":37,"column":8},"end":{"line":37,"column":15}},"19":{"start":{"line":39,"column":8},"end":{"line":39,"column":43}},"20":{"start":{"line":40,"column":8},"end":{"line":40,"column":15}},"21":{"start":{"line":43,"column":6},"end":{"line":43,"column":34}},"22":{"start":{"line":44,"column":6},"end":{"line":44,"column":13}},"23":{"start":{"line":49,"column":20},"end":{"line":49,"column":34}},"24":{"start":{"line":50,"column":23},"end":{"line":50,"column":39}},"25":{"start":{"line":51,"column":4},"end":{"line":67,"column":5}},"26":{"start":{"line":52,"column":27},"end":{"line":55,"column":null}},"27":{"start":{"line":57,"column":6},"end":{"line":63,"column":7}},"28":{"start":{"line":58,"column":8},"end":{"line":58,"column":67}},"29":{"start":{"line":59,"column":8},"end":{"line":59,"column":15}},"30":{"start":{"line":61,"column":8},"end":{"line":61,"column":43}},"31":{"start":{"line":62,"column":8},"end":{"line":62,"column":15}},"32":{"start":{"line":65,"column":6},"end":{"line":65,"column":34}},"33":{"start":{"line":66,"column":6},"end":{"line":66,"column":13}},"34":{"start":{"line":71,"column":19},"end":{"line":71,"column":35}},"35":{"start":{"line":72,"column":4},"end":{"line":75,"column":5}},"36":{"start":{"line":73,"column":8},"end":{"line":73,"column":45}},"37":{"start":{"line":74,"column":8},"end":{"line":74,"column":15}},"38":{"start":{"line":77,"column":17},"end":{"line":81,"column":6}},"39":{"start":{"line":83,"column":4},"end":{"line":86,"column":5}},"40":{"start":{"line":84,"column":8},"end":{"line":84,"column":45}},"41":{"start":{"line":85,"column":8},"end":{"line":85,"column":15}},"42":{"start":{"line":88,"column":4},"end":{"line":88,"column":20}},"43":{"start":{"line":89,"column":4},"end":{"line":89,"column":34}},"44":{"start":{"line":94,"column":0},"end":{"line":94,"column":46}}},"fnMap":{"0":{"name":"(anonymous_8)","decl":{"start":{"line":8,"column":2},"end":{"line":8,"column":14}},"loc":{"start":{"line":8,"column":43},"end":{"line":11,"column":3}}},"1":{"name":"(anonymous_9)","decl":{"start":{"line":13,"column":6},"end":{"line":13,"column":12}},"loc":{"start":{"line":13,"column":40},"end":{"line":28,"column":null}}},"2":{"name":"(anonymous_11)","decl":{"start":{"line":31,"column":8},"end":{"line":31,"column":15}},"loc":{"start":{"line":31,"column":43},"end":{"line":46,"column":null}}},"3":{"name":"(anonymous_13)","decl":{"start":{"line":48,"column":8},"end":{"line":48,"column":18}},"loc":{"start":{"line":48,"column":46},"end":{"line":68,"column":null}}},"4":{"name":"(anonymous_15)","decl":{"start":{"line":70,"column":8},"end":{"line":70,"column":14}},"loc":{"start":{"line":70,"column":42},"end":{"line":90,"column":null}}}},"branchMap":{"0":{"loc":{"start":{"line":17,"column":6},"end":{"line":23,"column":7}},"type":"if","locations":[{"start":{"line":17,"column":6},"end":{"line":23,"column":7}},{"start":{"line":20,"column":13},"end":{"line":23,"column":7}}]},"1":{"loc":{"start":{"line":35,"column":6},"end":{"line":41,"column":7}},"type":"if","locations":[{"start":{"line":35,"column":6},"end":{"line":41,"column":7}},{"start":{"line":38,"column":13},"end":{"line":41,"column":7}}]},"2":{"loc":{"start":{"line":57,"column":6},"end":{"line":63,"column":7}},"type":"if","locations":[{"start":{"line":57,"column":6},"end":{"line":63,"column":7}},{"start":{"line":60,"column":13},"end":{"line":63,"column":7}}]},"3":{"loc":{"start":{"line":72,"column":4},"end":{"line":75,"column":5}},"type":"if","locations":[{"start":{"line":72,"column":4},"end":{"line":75,"column":5}}]},"4":{"loc":{"start":{"line":83,"column":4},"end":{"line":86,"column":5}},"type":"if","locations":[{"start":{"line":83,"column":4},"end":{"line":86,"column":5}}]},"5":{"loc":{"start":{"line":83,"column":8},"end":{"line":83,"column":51}},"type":"binary-expr","locations":[{"start":{"line":83,"column":8},"end":{"line":83,"column":19}},{"start":{"line":83,"column":23},"end":{"line":83,"column":36}},{"start":{"line":83,"column":40},"end":{"line":83,"column":51}}]}},"s":{"0":1,"1":1,"2":1,"3":0,"4":0,"5":0,"6":0,"7":0,"8":0,"9":0,"10":0,"11":0,"12":0,"13":0,"14":0,"15":0,"16":0,"17":0,"18":0,"19":0,"20":0,"21":0,"22":0,"23":0,"24":0,"25":0,"26":0,"27":0,"28":0,"29":0,"30":0,"31":0,"32":0,"33":0,"34":0,"35":0,"36":0,"37":0,"38":0,"39":0,"40":0,"41":0,"42":0,"43":0,"44":1},"f":{"0":1,"1":0,"2":0,"3":0,"4":0},"b":{"0":[0,0],"1":[0,0],"2":[0,0],"3":[0],"4":[0],"5":[0,0,0]}}
,"/Users/shonhason/As1/src/modules/auth_model.ts": {"path":"/Users/shonhason/As1/src/modules/auth_model.ts","statementMap":{"0":{"start":{"line":1,"column":0},"end":{"line":1,"column":32}},"1":{"start":{"line":9,"column":19},"end":{"line":34,"column":2}},"2":{"start":{"line":36,"column":18},"end":{"line":36,"column":53}},"3":{"start":{"line":37,"column":0},"end":{"line":37,"column":25}}},"fnMap":{},"branchMap":{},"s":{"0":1,"1":1,"2":1,"3":1},"f":{},"b":{}}
,"/Users/shonhason/As1/src/modules/comments_model.ts": {"path":"/Users/shonhason/As1/src/modules/comments_model.ts","statementMap":{"0":{"start":{"line":1,"column":0},"end":{"line":1,"column":32}},"1":{"start":{"line":8,"column":24},"end":{"line":22,"column":2}},"2":{"start":{"line":24,"column":22},"end":{"line":24,"column":75}},"3":{"start":{"line":25,"column":0},"end":{"line":25,"column":29}}},"fnMap":{},"branchMap":{},"s":{"0":1,"1":1,"2":1,"3":1},"f":{},"b":{}}
,"/Users/shonhason/As1/src/modules/posts_model.ts": {"path":"/Users/shonhason/As1/src/modules/posts_model.ts","statementMap":{"0":{"start":{"line":1,"column":0},"end":{"line":1,"column":32}},"1":{"start":{"line":12,"column":20},"end":{"line":33,"column":null}},"2":{"start":{"line":36,"column":19},"end":{"line":36,"column":62}},"3":{"start":{"line":37,"column":0},"end":{"line":37,"column":26}}},"fnMap":{},"branchMap":{},"s":{"0":1,"1":1,"2":1,"3":1},"f":{},"b":{}}
,"/Users/shonhason/As1/src/routes/auth_routes.ts": {"path":"/Users/shonhason/As1/src/routes/auth_routes.ts","statementMap":{"0":{"start":{"line":1,"column":0},"end":{"line":1,"column":60}},"1":{"start":{"line":2,"column":0},"end":{"line":2,"column":30}},"2":{"start":{"line":3,"column":15},"end":{"line":3,"column":31}},"3":{"start":{"line":40,"column":0},"end":{"line":40,"column":50}},"4":{"start":{"line":103,"column":0},"end":{"line":103,"column":44}},"5":{"start":{"line":159,"column":0},"end":{"line":159,"column":46}},"6":{"start":{"line":207,"column":0},"end":{"line":207,"column":48}},"7":{"start":{"line":267,"column":0},"end":{"line":267,"column":63}},"8":{"start":{"line":269,"column":0},"end":{"line":269,"column":22}}},"fnMap":{},"branchMap":{},"s":{"0":1,"1":1,"2":1,"3":1,"4":1,"5":1,"6":1,"7":1,"8":1},"f":{},"b":{}}
,"/Users/shonhason/As1/src/routes/comments_routes.ts": {"path":"/Users/shonhason/As1/src/routes/comments_routes.ts","statementMap":{"0":{"start":{"line":1,"column":0},"end":{"line":1,"column":67}},"1":{"start":{"line":2,"column":0},"end":{"line":2,"column":53}},"2":{"start":{"line":3,"column":0},"end":{"line":3,"column":64}},"3":{"start":{"line":5,"column":15},"end":{"line":5,"column":31}},"4":{"start":{"line":13,"column":0},"end":{"line":19,"column":3}},"5":{"start":{"line":14,"column":2},"end":{"line":18,"column":3}},"6":{"start":{"line":15,"column":4},"end":{"line":15,"column":39}},"7":{"start":{"line":17,"column":4},"end":{"line":17,"column":63}},"8":{"start":{"line":75,"column":0},"end":{"line":77,"column":3}},"9":{"start":{"line":76,"column":2},"end":{"line":76,"column":38}},"10":{"start":{"line":134,"column":0},"end":{"line":136,"column":3}},"11":{"start":{"line":135,"column":2},"end":{"line":135,"column":37}},"12":{"start":{"line":197,"column":0},"end":{"line":201,"column":2}},"13":{"start":{"line":276,"column":0},"end":{"line":278,"column":3}},"14":{"start":{"line":277,"column":2},"end":{"line":277,"column":44}},"15":{"start":{"line":325,"column":0},"end":{"line":325,"column":22}}},"fnMap":{"0":{"name":"(anonymous_1)","decl":{"start":{"line":13,"column":16},"end":{"line":13,"column":17}},"loc":{"start":{"line":13,"column":48},"end":{"line":19,"column":1}}},"1":{"name":"(anonymous_2)","decl":{"start":{"line":75,"column":20},"end":{"line":75,"column":21}},"loc":{"start":{"line":75,"column":52},"end":{"line":77,"column":1}}},"2":{"name":"(anonymous_3)","decl":{"start":{"line":134,"column":33},"end":{"line":134,"column":34}},"loc":{"start":{"line":134,"column":65},"end":{"line":136,"column":1}}},"3":{"name":"(anonymous_4)","decl":{"start":{"line":276,"column":39},"end":{"line":276,"column":40}},"loc":{"start":{"line":276,"column":71},"end":{"line":278,"column":1}}}},"branchMap":{"0":{"loc":{"start":{"line":14,"column":2},"end":{"line":18,"column":3}},"type":"if","locations":[{"start":{"line":14,"column":2},"end":{"line":18,"column":3}},{"start":{"line":16,"column":9},"end":{"line":18,"column":3}}]}},"s":{"0":1,"1":1,"2":1,"3":1,"4":1,"5":0,"6":0,"7":0,"8":1,"9":0,"10":1,"11":0,"12":1,"13":1,"14":0,"15":1},"f":{"0":0,"1":0,"2":0,"3":0},"b":{"0":[0,0]}}
,"/Users/shonhason/As1/src/routes/file_routes.ts": {"path":"/Users/shonhason/As1/src/routes/file_routes.ts","statementMap":{"0":{"start":{"line":1,"column":0},"end":{"line":1,"column":30}},"1":{"start":{"line":2,"column":15},"end":{"line":2,"column":31}},"2":{"start":{"line":3,"column":0},"end":{"line":3,"column":28}},"3":{"start":{"line":5,"column":13},"end":{"line":5,"column":42}},"4":{"start":{"line":6,"column":16},"end":{"line":17,"column":2}},"5":{"start":{"line":8,"column":7},"end":{"line":8,"column":null}},"6":{"start":{"line":11,"column":19},"end":{"line":14,"column":21}},"7":{"start":{"line":15,"column":7},"end":{"line":15,"column":null}},"8":{"start":{"line":18,"column":15},"end":{"line":18,"column":43}},"9":{"start":{"line":20,"column":0},"end":{"line":23,"column":3}},"10":{"start":{"line":21,"column":3},"end":{"line":21,"column":null}},"11":{"start":{"line":22,"column":3},"end":{"line":22,"column":null}},"12":{"start":{"line":24,"column":0},"end":{"line":24,"column":16}}},"fnMap":{"0":{"name":"(anonymous_1)","decl":{"start":{"line":7,"column":16},"end":{"line":7,"column":26}},"loc":{"start":{"line":7,"column":39},"end":{"line":9,"column":4}}},"1":{"name":"(anonymous_2)","decl":{"start":{"line":10,"column":13},"end":{"line":10,"column":23}},"loc":{"start":{"line":10,"column":36},"end":{"line":16,"column":4}}},"2":{"name":"(anonymous_3)","decl":{"start":{"line":20,"column":40},"end":{"line":20,"column":50}},"loc":{"start":{"line":20,"column":58},"end":{"line":23,"column":1}}}},"branchMap":{"0":{"loc":{"start":{"line":21,"column":46},"end":{"line":21,"column":60}},"type":"cond-expr","locations":[{"start":{"line":21,"column":54},"end":{"line":21,"column":56}},{"start":{"line":21,"column":54},"end":{"line":21,"column":60}}]},"1":{"loc":{"start":{"line":21,"column":46},"end":{"line":21,"column":56}},"type":"binary-expr","locations":[{"start":{"line":21,"column":46},"end":{"line":21,"column":56}},{"start":{"line":21,"column":54},"end":{"line":21,"column":56}}]},"2":{"loc":{"start":{"line":22,"column":38},"end":{"line":22,"column":52}},"type":"cond-expr","locations":[{"start":{"line":22,"column":46},"end":{"line":22,"column":48}},{"start":{"line":22,"column":46},"end":{"line":22,"column":52}}]},"3":{"loc":{"start":{"line":22,"column":38},"end":{"line":22,"column":48}},"type":"binary-expr","locations":[{"start":{"line":22,"column":38},"end":{"line":22,"column":48}},{"start":{"line":22,"column":46},"end":{"line":22,"column":48}}]}},"s":{"0":1,"1":1,"2":1,"3":1,"4":1,"5":1,"6":1,"7":1,"8":1,"9":1,"10":1,"11":1,"12":1},"f":{"0":1,"1":1,"2":1},"b":{"0":[0,1],"1":[1,1],"2":[0,1],"3":[1,1]}}
,"/Users/shonhason/As1/src/routes/posts_routes.ts": {"path":"/Users/shonhason/As1/src/routes/posts_routes.ts","statementMap":{"0":{"start":{"line":1,"column":0},"end":{"line":1,"column":61}},"1":{"start":{"line":2,"column":0},"end":{"line":2,"column":53}},"2":{"start":{"line":3,"column":0},"end":{"line":3,"column":64}},"3":{"start":{"line":4,"column":15},"end":{"line":4,"column":31}},"4":{"start":{"line":12,"column":0},"end":{"line":14,"column":3}},"5":{"start":{"line":13,"column":2},"end":{"line":13,"column":34}},"6":{"start":{"line":71,"column":0},"end":{"line":71,"column":60}},"7":{"start":{"line":122,"column":0},"end":{"line":124,"column":3}},"8":{"start":{"line":123,"column":2},"end":{"line":123,"column":35}},"9":{"start":{"line":173,"column":0},"end":{"line":177,"column":2}},"10":{"start":{"line":249,"column":0},"end":{"line":249,"column":22}}},"fnMap":{"0":{"name":"(anonymous_1)","decl":{"start":{"line":12,"column":33},"end":{"line":12,"column":34}},"loc":{"start":{"line":12,"column":65},"end":{"line":14,"column":1}}},"1":{"name":"(anonymous_2)","decl":{"start":{"line":122,"column":20},"end":{"line":122,"column":21}},"loc":{"start":{"line":122,"column":52},"end":{"line":124,"column":1}}}},"branchMap":{},"s":{"0":1,"1":1,"2":1,"3":1,"4":1,"5":0,"6":1,"7":1,"8":0,"9":1,"10":1},"f":{"0":0,"1":0},"b":{}}

