{"C:\\Users\\rotem\\OurApp\\src\\server.ts": {"path":"C:\\Users\\rotem\\OurApp\\src\\server.ts","statementMap":{"0":{"start":{"line":1,"column":0},"end":{"line":1,"column":43}},"1":{"start":{"line":2,"column":0},"end":{"line":2,"column":28}},"2":{"start":{"line":3,"column":0},"end":{"line":3,"column":32}},"3":{"start":{"line":4,"column":0},"end":{"line":4,"column":37}},"4":{"start":{"line":5,"column":0},"end":{"line":5,"column":48}},"5":{"start":{"line":6,"column":0},"end":{"line":6,"column":54}},"6":{"start":{"line":8,"column":0},"end":{"line":8,"column":16}},"7":{"start":{"line":10,"column":12},"end":{"line":10,"column":21}},"8":{"start":{"line":12,"column":24},"end":{"line":55,"column":2}},"9":{"start":{"line":12,"column":53},"end":{"line":55,"column":2}},"10":{"start":{"line":13,"column":4},"end":{"line":54,"column":7}},"11":{"start":{"line":14,"column":19},"end":{"line":14,"column":38}},"12":{"start":{"line":16,"column":8},"end":{"line":18,"column":11}},"13":{"start":{"line":17,"column":12},"end":{"line":17,"column":63}},"14":{"start":{"line":20,"column":8},"end":{"line":22,"column":11}},"15":{"start":{"line":21,"column":12},"end":{"line":21,"column":48}},"16":{"start":{"line":24,"column":8},"end":{"line":28,"column":9}},"17":{"start":{"line":25,"column":12},"end":{"line":25,"column":68}},"18":{"start":{"line":26,"column":12},"end":{"line":26,"column":21}},"19":{"start":{"line":27,"column":12},"end":{"line":27,"column":19}},"20":{"start":{"line":30,"column":8},"end":{"line":52,"column":null}},"21":{"start":{"line":33,"column":16},"end":{"line":33,"column":69}},"22":{"start":{"line":36,"column":16},"end":{"line":36,"column":43}},"23":{"start":{"line":37,"column":16},"end":{"line":37,"column":67}},"24":{"start":{"line":40,"column":16},"end":{"line":40,"column":47}},"25":{"start":{"line":41,"column":16},"end":{"line":41,"column":53}},"26":{"start":{"line":43,"column":16},"end":{"line":43,"column":40}},"27":{"start":{"line":46,"column":16},"end":{"line":49,"column":19}},"28":{"start":{"line":47,"column":20},"end":{"line":47,"column":59}},"29":{"start":{"line":48,"column":20},"end":{"line":48,"column":56}},"30":{"start":{"line":51,"column":16},"end":{"line":51,"column":29}},"31":{"start":{"line":57,"column":0},"end":{"line":57,"column":35}}},"fnMap":{"0":{"name":"(anonymous_8)","decl":{"start":{"line":12,"column":24},"end":{"line":12,"column":51}},"loc":{"start":{"line":12,"column":53},"end":{"line":55,"column":2}}},"1":{"name":"(anonymous_9)","decl":{"start":{"line":12,"column":53},"end":{"line":12,"column":null}},"loc":{"start":{"line":12,"column":53},"end":{"line":55,"column":1}}},"2":{"name":"(anonymous_10)","decl":{"start":{"line":13,"column":32},"end":{"line":13,"column":33}},"loc":{"start":{"line":13,"column":52},"end":{"line":54,"column":5}}},"3":{"name":"(anonymous_11)","decl":{"start":{"line":16,"column":23},"end":{"line":16,"column":24}},"loc":{"start":{"line":16,"column":33},"end":{"line":18,"column":9}}},"4":{"name":"(anonymous_12)","decl":{"start":{"line":20,"column":24},"end":{"line":20,"column":27}},"loc":{"start":{"line":20,"column":29},"end":{"line":22,"column":9}}},"5":{"name":"(anonymous_13)","decl":{"start":{"line":32,"column":18},"end":{"line":32,"column":21}},"loc":{"start":{"line":32,"column":23},"end":{"line":52,"column":13}}},"6":{"name":"(anonymous_14)","decl":{"start":{"line":46,"column":29},"end":{"line":46,"column":30}},"loc":{"start":{"line":46,"column":42},"end":{"line":49,"column":17}}}},"branchMap":{"0":{"loc":{"start":{"line":24,"column":8},"end":{"line":28,"column":9}},"type":"if","locations":[{"start":{"line":24,"column":8},"end":{"line":28,"column":9}}]}},"s":{"0":2,"1":2,"2":2,"3":2,"4":2,"5":2,"6":2,"7":2,"8":2,"9":2,"10":2,"11":2,"12":2,"13":0,"14":2,"15":2,"16":2,"17":0,"18":0,"19":0,"20":2,"21":2,"22":2,"23":2,"24":2,"25":2,"26":2,"27":2,"28":0,"29":0,"30":2,"31":2},"f":{"0":2,"1":2,"2":2,"3":0,"4":2,"5":2,"6":0},"b":{"0":[0]}}
,"C:\\Users\\rotem\\OurApp\\src\\controllers\\base_controller.ts": {"path":"C:\\Users\\rotem\\OurApp\\src\\controllers\\base_controller.ts","statementMap":{"0":{"start":{"line":7,"column":4},"end":{"line":7,"column":23}},"1":{"start":{"line":11,"column":4},"end":{"line":11,"column":33}},"2":{"start":{"line":12,"column":4},"end":{"line":12,"column":26}},"3":{"start":{"line":14,"column":4},"end":{"line":26,"column":5}},"4":{"start":{"line":15,"column":22},"end":{"line":15,"column":55}},"5":{"start":{"line":16,"column":6},"end":{"line":22,"column":7}},"6":{"start":{"line":17,"column":8},"end":{"line":17,"column":63}},"7":{"start":{"line":18,"column":8},"end":{"line":18,"column":15}},"8":{"start":{"line":20,"column":8},"end":{"line":20,"column":38}},"9":{"start":{"line":21,"column":8},"end":{"line":21,"column":15}},"10":{"start":{"line":24,"column":6},"end":{"line":24,"column":34}},"11":{"start":{"line":25,"column":6},"end":{"line":25,"column":13}},"12":{"start":{"line":30,"column":24},"end":{"line":30,"column":39}},"13":{"start":{"line":32,"column":4},"end":{"line":45,"column":5}},"14":{"start":{"line":33,"column":6},"end":{"line":41,"column":7}},"15":{"start":{"line":34,"column":22},"end":{"line":34,"column":67}},"16":{"start":{"line":35,"column":8},"end":{"line":35,"column":36}},"17":{"start":{"line":36,"column":8},"end":{"line":36,"column":15}},"18":{"start":{"line":38,"column":22},"end":{"line":38,"column":45}},"19":{"start":{"line":39,"column":8},"end":{"line":39,"column":36}},"20":{"start":{"line":40,"column":8},"end":{"line":40,"column":15}},"21":{"start":{"line":43,"column":6},"end":{"line":43,"column":25}},"22":{"start":{"line":44,"column":6},"end":{"line":44,"column":34}},"23":{"start":{"line":49,"column":20},"end":{"line":49,"column":34}},"24":{"start":{"line":50,"column":4},"end":{"line":50,"column":36}},"25":{"start":{"line":51,"column":4},"end":{"line":51,"column":25}},"26":{"start":{"line":52,"column":4},"end":{"line":65,"column":5}},"27":{"start":{"line":53,"column":19},"end":{"line":53,"column":53}},"28":{"start":{"line":55,"column":6},"end":{"line":61,"column":7}},"29":{"start":{"line":56,"column":8},"end":{"line":56,"column":61}},"30":{"start":{"line":57,"column":8},"end":{"line":57,"column":15}},"31":{"start":{"line":59,"column":8},"end":{"line":59,"column":35}},"32":{"start":{"line":60,"column":8},"end":{"line":60,"column":15}},"33":{"start":{"line":63,"column":6},"end":{"line":63,"column":34}},"34":{"start":{"line":64,"column":6},"end":{"line":64,"column":13}},"35":{"start":{"line":4,"column":0},"end":{"line":4,"column":13}},"36":{"start":{"line":68,"column":25},"end":{"line":70,"column":1}},"37":{"start":{"line":69,"column":2},"end":{"line":69,"column":35}},"38":{"start":{"line":72,"column":0},"end":{"line":72,"column":32}}},"fnMap":{"0":{"name":"(anonymous_7)","decl":{"start":{"line":6,"column":2},"end":{"line":6,"column":14}},"loc":{"start":{"line":6,"column":29},"end":{"line":8,"column":3}}},"1":{"name":"(anonymous_8)","decl":{"start":{"line":10,"column":8},"end":{"line":10,"column":14}},"loc":{"start":{"line":10,"column":42},"end":{"line":27,"column":null}}},"2":{"name":"(anonymous_10)","decl":{"start":{"line":29,"column":8},"end":{"line":29,"column":14}},"loc":{"start":{"line":29,"column":42},"end":{"line":46,"column":null}}},"3":{"name":"(anonymous_12)","decl":{"start":{"line":48,"column":8},"end":{"line":48,"column":15}},"loc":{"start":{"line":48,"column":43},"end":{"line":66,"column":null}}},"4":{"name":"(anonymous_14)","decl":{"start":{"line":68,"column":25},"end":{"line":68,"column":29}},"loc":{"start":{"line":68,"column":48},"end":{"line":70,"column":1}}}},"branchMap":{"0":{"loc":{"start":{"line":16,"column":6},"end":{"line":22,"column":7}},"type":"if","locations":[{"start":{"line":16,"column":6},"end":{"line":22,"column":7}},{"start":{"line":19,"column":13},"end":{"line":22,"column":7}}]},"1":{"loc":{"start":{"line":33,"column":6},"end":{"line":41,"column":7}},"type":"if","locations":[{"start":{"line":33,"column":6},"end":{"line":41,"column":7}},{"start":{"line":37,"column":13},"end":{"line":41,"column":7}}]},"2":{"loc":{"start":{"line":55,"column":6},"end":{"line":61,"column":7}},"type":"if","locations":[{"start":{"line":55,"column":6},"end":{"line":61,"column":7}},{"start":{"line":58,"column":13},"end":{"line":61,"column":7}}]}},"s":{"0":4,"1":4,"2":4,"3":4,"4":4,"5":2,"6":0,"7":0,"8":2,"9":2,"10":2,"11":2,"12":7,"13":7,"14":7,"15":1,"16":1,"17":1,"18":6,"19":6,"20":6,"21":0,"22":0,"23":5,"24":5,"25":5,"26":5,"27":5,"28":3,"29":1,"30":1,"31":2,"32":2,"33":2,"34":2,"35":2,"36":2,"37":0,"38":2},"f":{"0":4,"1":4,"2":7,"3":5,"4":0},"b":{"0":[0,2],"1":[1,6],"2":[1,2]}}
,"C:\\Users\\rotem\\OurApp\\src\\controllers\\comments_controller.ts": {"path":"C:\\Users\\rotem\\OurApp\\src\\controllers\\comments_controller.ts","statementMap":{"0":{"start":{"line":1,"column":0},"end":{"line":1,"column":68}},"1":{"start":{"line":3,"column":0},"end":{"line":3,"column":51}},"2":{"start":{"line":7,"column":4},"end":{"line":7,"column":25}},"3":{"start":{"line":11,"column":19},"end":{"line":11,"column":35}},"4":{"start":{"line":12,"column":4},"end":{"line":12,"column":60}},"5":{"start":{"line":13,"column":4},"end":{"line":13,"column":24}},"6":{"start":{"line":14,"column":4},"end":{"line":27,"column":5}},"7":{"start":{"line":15,"column":30},"end":{"line":15,"column":74}},"8":{"start":{"line":16,"column":6},"end":{"line":24,"column":7}},"9":{"start":{"line":17,"column":8},"end":{"line":19,"column":68}},"10":{"start":{"line":20,"column":8},"end":{"line":20,"column":15}},"11":{"start":{"line":22,"column":8},"end":{"line":22,"column":46}},"12":{"start":{"line":23,"column":8},"end":{"line":23,"column":15}},"13":{"start":{"line":26,"column":6},"end":{"line":26,"column":34}},"14":{"start":{"line":31,"column":22},"end":{"line":31,"column":36}},"15":{"start":{"line":32,"column":23},"end":{"line":32,"column":39}},"16":{"start":{"line":33,"column":4},"end":{"line":49,"column":5}},"17":{"start":{"line":34,"column":30},"end":{"line":37,"column":null}},"18":{"start":{"line":39,"column":6},"end":{"line":45,"column":7}},"19":{"start":{"line":40,"column":8},"end":{"line":40,"column":74}},"20":{"start":{"line":41,"column":8},"end":{"line":41,"column":15}},"21":{"start":{"line":43,"column":8},"end":{"line":43,"column":46}},"22":{"start":{"line":44,"column":8},"end":{"line":44,"column":15}},"23":{"start":{"line":47,"column":6},"end":{"line":47,"column":34}},"24":{"start":{"line":48,"column":6},"end":{"line":48,"column":13}},"25":{"start":{"line":53,"column":22},"end":{"line":53,"column":36}},"26":{"start":{"line":54,"column":4},"end":{"line":54,"column":33}},"27":{"start":{"line":55,"column":4},"end":{"line":55,"column":27}},"28":{"start":{"line":57,"column":4},"end":{"line":71,"column":5}},"29":{"start":{"line":58,"column":25},"end":{"line":60,"column":8}},"30":{"start":{"line":61,"column":6},"end":{"line":67,"column":7}},"31":{"start":{"line":62,"column":8},"end":{"line":62,"column":78}},"32":{"start":{"line":63,"column":8},"end":{"line":63,"column":15}},"33":{"start":{"line":65,"column":8},"end":{"line":65,"column":41}},"34":{"start":{"line":66,"column":8},"end":{"line":66,"column":15}},"35":{"start":{"line":69,"column":6},"end":{"line":69,"column":34}},"36":{"start":{"line":70,"column":6},"end":{"line":70,"column":13}},"37":{"start":{"line":75,"column":0},"end":{"line":75,"column":39}}},"fnMap":{"0":{"name":"(anonymous_8)","decl":{"start":{"line":6,"column":2},"end":{"line":6,"column":null}},"loc":{"start":{"line":6,"column":2},"end":{"line":8,"column":3}}},"1":{"name":"(anonymous_9)","decl":{"start":{"line":10,"column":8},"end":{"line":10,"column":38}},"loc":{"start":{"line":10,"column":66},"end":{"line":28,"column":null}}},"2":{"name":"(anonymous_11)","decl":{"start":{"line":30,"column":8},"end":{"line":30,"column":21}},"loc":{"start":{"line":30,"column":49},"end":{"line":50,"column":null}}},"3":{"name":"(anonymous_13)","decl":{"start":{"line":52,"column":8},"end":{"line":52,"column":21}},"loc":{"start":{"line":52,"column":49},"end":{"line":72,"column":null}}}},"branchMap":{"0":{"loc":{"start":{"line":16,"column":6},"end":{"line":24,"column":7}},"type":"if","locations":[{"start":{"line":16,"column":6},"end":{"line":24,"column":7}},{"start":{"line":21,"column":13},"end":{"line":24,"column":7}}]},"1":{"loc":{"start":{"line":39,"column":6},"end":{"line":45,"column":7}},"type":"if","locations":[{"start":{"line":39,"column":6},"end":{"line":45,"column":7}},{"start":{"line":42,"column":13},"end":{"line":45,"column":7}}]},"2":{"loc":{"start":{"line":61,"column":6},"end":{"line":67,"column":7}},"type":"if","locations":[{"start":{"line":61,"column":6},"end":{"line":67,"column":7}},{"start":{"line":64,"column":13},"end":{"line":67,"column":7}}]}},"s":{"0":2,"1":2,"2":2,"3":1,"4":1,"5":1,"6":1,"7":1,"8":1,"9":1,"10":1,"11":0,"12":0,"13":0,"14":2,"15":2,"16":2,"17":2,"18":1,"19":0,"20":0,"21":1,"22":1,"23":1,"24":1,"25":2,"26":2,"27":2,"28":2,"29":2,"30":1,"31":0,"32":0,"33":1,"34":1,"35":1,"36":1,"37":2},"f":{"0":2,"1":1,"2":2,"3":2},"b":{"0":[1,0],"1":[0,1],"2":[0,1]}}
,"C:\\Users\\rotem\\OurApp\\src\\controllers\\posts_controller.ts": {"path":"C:\\Users\\rotem\\OurApp\\src\\controllers\\posts_controller.ts","statementMap":{"0":{"start":{"line":1,"column":0},"end":{"line":1,"column":59}},"1":{"start":{"line":3,"column":0},"end":{"line":3,"column":51}},"2":{"start":{"line":7,"column":4},"end":{"line":7,"column":22}},"3":{"start":{"line":11,"column":20},"end":{"line":11,"column":34}},"4":{"start":{"line":12,"column":23},"end":{"line":12,"column":39}},"5":{"start":{"line":13,"column":4},"end":{"line":29,"column":5}},"6":{"start":{"line":14,"column":27},"end":{"line":17,"column":null}},"7":{"start":{"line":19,"column":6},"end":{"line":25,"column":7}},"8":{"start":{"line":20,"column":8},"end":{"line":20,"column":67}},"9":{"start":{"line":21,"column":8},"end":{"line":21,"column":15}},"10":{"start":{"line":23,"column":8},"end":{"line":23,"column":43}},"11":{"start":{"line":24,"column":8},"end":{"line":24,"column":15}},"12":{"start":{"line":27,"column":6},"end":{"line":27,"column":34}},"13":{"start":{"line":28,"column":6},"end":{"line":28,"column":13}},"14":{"start":{"line":33,"column":0},"end":{"line":33,"column":36}}},"fnMap":{"0":{"name":"(anonymous_8)","decl":{"start":{"line":6,"column":2},"end":{"line":6,"column":null}},"loc":{"start":{"line":6,"column":2},"end":{"line":8,"column":3}}},"1":{"name":"(anonymous_9)","decl":{"start":{"line":10,"column":8},"end":{"line":10,"column":18}},"loc":{"start":{"line":10,"column":46},"end":{"line":30,"column":null}}}},"branchMap":{"0":{"loc":{"start":{"line":19,"column":6},"end":{"line":25,"column":7}},"type":"if","locations":[{"start":{"line":19,"column":6},"end":{"line":25,"column":7}},{"start":{"line":22,"column":13},"end":{"line":25,"column":7}}]}},"s":{"0":2,"1":2,"2":2,"3":1,"4":1,"5":1,"6":1,"7":1,"8":0,"9":0,"10":1,"11":1,"12":0,"13":0,"14":2},"f":{"0":2,"1":1},"b":{"0":[0,1]}}
,"C:\\Users\\rotem\\OurApp\\src\\modules\\comments_model.ts": {"path":"C:\\Users\\rotem\\OurApp\\src\\modules\\comments_model.ts","statementMap":{"0":{"start":{"line":1,"column":0},"end":{"line":1,"column":32}},"1":{"start":{"line":8,"column":24},"end":{"line":22,"column":2}},"2":{"start":{"line":24,"column":22},"end":{"line":24,"column":75}},"3":{"start":{"line":25,"column":0},"end":{"line":25,"column":29}}},"fnMap":{},"branchMap":{},"s":{"0":2,"1":2,"2":2,"3":2},"f":{},"b":{}}
,"C:\\Users\\rotem\\OurApp\\src\\modules\\posts_model.ts": {"path":"C:\\Users\\rotem\\OurApp\\src\\modules\\posts_model.ts","statementMap":{"0":{"start":{"line":1,"column":0},"end":{"line":1,"column":32}},"1":{"start":{"line":9,"column":20},"end":{"line":22,"column":2}},"2":{"start":{"line":24,"column":19},"end":{"line":24,"column":62}},"3":{"start":{"line":25,"column":0},"end":{"line":25,"column":26}}},"fnMap":{},"branchMap":{},"s":{"0":2,"1":2,"2":2,"3":2},"f":{},"b":{}}
,"C:\\Users\\rotem\\OurApp\\src\\routes\\comments_routes.ts": {"path":"C:\\Users\\rotem\\OurApp\\src\\routes\\comments_routes.ts","statementMap":{"0":{"start":{"line":1,"column":0},"end":{"line":1,"column":67}},"1":{"start":{"line":2,"column":0},"end":{"line":2,"column":30}},"2":{"start":{"line":3,"column":15},"end":{"line":3,"column":31}},"3":{"start":{"line":5,"column":0},"end":{"line":11,"column":3}},"4":{"start":{"line":6,"column":2},"end":{"line":10,"column":3}},"5":{"start":{"line":7,"column":4},"end":{"line":7,"column":39}},"6":{"start":{"line":9,"column":4},"end":{"line":9,"column":63}},"7":{"start":{"line":13,"column":0},"end":{"line":15,"column":3}},"8":{"start":{"line":14,"column":2},"end":{"line":14,"column":38}},"9":{"start":{"line":16,"column":0},"end":{"line":18,"column":3}},"10":{"start":{"line":17,"column":2},"end":{"line":17,"column":37}},"11":{"start":{"line":19,"column":0},"end":{"line":19,"column":77}},"12":{"start":{"line":20,"column":0},"end":{"line":22,"column":3}},"13":{"start":{"line":21,"column":2},"end":{"line":21,"column":44}},"14":{"start":{"line":24,"column":0},"end":{"line":24,"column":22}}},"fnMap":{"0":{"name":"(anonymous_1)","decl":{"start":{"line":5,"column":16},"end":{"line":5,"column":17}},"loc":{"start":{"line":5,"column":29},"end":{"line":11,"column":1}}},"1":{"name":"(anonymous_2)","decl":{"start":{"line":13,"column":20},"end":{"line":13,"column":21}},"loc":{"start":{"line":13,"column":33},"end":{"line":15,"column":1}}},"2":{"name":"(anonymous_3)","decl":{"start":{"line":16,"column":17},"end":{"line":16,"column":18}},"loc":{"start":{"line":16,"column":30},"end":{"line":18,"column":1}}},"3":{"name":"(anonymous_4)","decl":{"start":{"line":20,"column":23},"end":{"line":20,"column":24}},"loc":{"start":{"line":20,"column":36},"end":{"line":22,"column":1}}}},"branchMap":{"0":{"loc":{"start":{"line":6,"column":2},"end":{"line":10,"column":3}},"type":"if","locations":[{"start":{"line":6,"column":2},"end":{"line":10,"column":3}},{"start":{"line":8,"column":9},"end":{"line":10,"column":3}}]}},"s":{"0":2,"1":2,"2":2,"3":2,"4":4,"5":3,"6":1,"7":2,"8":2,"9":2,"10":2,"11":2,"12":2,"13":2,"14":2},"f":{"0":4,"1":2,"2":2,"3":2},"b":{"0":[3,1]}}
,"C:\\Users\\rotem\\OurApp\\src\\routes\\posts_routes.ts": {"path":"C:\\Users\\rotem\\OurApp\\src\\routes\\posts_routes.ts","statementMap":{"0":{"start":{"line":1,"column":0},"end":{"line":1,"column":61}},"1":{"start":{"line":2,"column":0},"end":{"line":2,"column":30}},"2":{"start":{"line":3,"column":15},"end":{"line":3,"column":31}},"3":{"start":{"line":5,"column":0},"end":{"line":7,"column":3}},"4":{"start":{"line":6,"column":2},"end":{"line":6,"column":34}},"5":{"start":{"line":8,"column":0},"end":{"line":8,"column":60}},"6":{"start":{"line":9,"column":0},"end":{"line":11,"column":3}},"7":{"start":{"line":10,"column":2},"end":{"line":10,"column":35}},"8":{"start":{"line":12,"column":0},"end":{"line":12,"column":68}},"9":{"start":{"line":14,"column":0},"end":{"line":14,"column":22}}},"fnMap":{"0":{"name":"(anonymous_1)","decl":{"start":{"line":5,"column":17},"end":{"line":5,"column":18}},"loc":{"start":{"line":5,"column":30},"end":{"line":7,"column":1}}},"1":{"name":"(anonymous_2)","decl":{"start":{"line":9,"column":20},"end":{"line":9,"column":21}},"loc":{"start":{"line":9,"column":33},"end":{"line":11,"column":1}}}},"branchMap":{},"s":{"0":2,"1":2,"2":2,"3":2,"4":2,"5":2,"6":2,"7":3,"8":2,"9":2},"f":{"0":2,"1":3},"b":{}}
}
