TN:
SF:src\controllers\auth_controller.ts
FN:6,(anonymous_8)
FN:6,(anonymous_9)
FN:39,(anonymous_10)
FN:62,(anonymous_11)
FN:62,(anonymous_12)
FN:114,(anonymous_13)
FN:114,(anonymous_14)
FN:129,(anonymous_15)
FN:129,(anonymous_16)
FN:148,(anonymous_17)
FN:162,(anonymous_18)
FN:162,(anonymous_19)
FN:177,(anonymous_20)
FN:177,(anonymous_21)
FN:211,(anonymous_22)
FN:229,(anonymous_23)
FN:244,(anonymous_24)
FNF:17
FNH:17
FNDA:6,(anonymous_8)
FNDA:6,(anonymous_9)
FNDA:8,(anonymous_10)
FNDA:10,(anonymous_11)
FNDA:10,(anonymous_12)
FNDA:7,(anonymous_13)
FNDA:7,(anonymous_14)
FNDA:5,(anonymous_15)
FNDA:5,(anonymous_16)
FNDA:2,(anonymous_17)
FNDA:6,(anonymous_18)
FNDA:6,(anonymous_19)
FNDA:4,(anonymous_20)
FNDA:4,(anonymous_21)
FNDA:1,(anonymous_22)
FNDA:18,(anonymous_23)
FNDA:15,(anonymous_24)
DA:2,3
DA:3,3
DA:4,3
DA:6,6
DA:7,6
DA:8,6
DA:10,6
DA:16,2
DA:17,2
DA:19,4
DA:20,4
DA:21,1
DA:22,1
DA:24,3
DA:25,3
DA:26,3
DA:27,3
DA:31,3
DA:32,3
DA:34,0
DA:35,0
DA:39,3
DA:42,8
DA:43,8
DA:44,8
DA:45,1
DA:47,7
DA:53,7
DA:59,7
DA:62,10
DA:63,10
DA:64,10
DA:65,10
DA:71,1
DA:72,1
DA:74,9
DA:75,9
DA:76,9
DA:77,1
DA:78,1
DA:80,8
DA:81,8
DA:82,1
DA:83,1
DA:85,7
DA:86,7
DA:87,1
DA:88,1
DA:90,6
DA:91,0
DA:93,6
DA:94,6
DA:96,6
DA:97,6
DA:103,6
DA:105,0
DA:106,0
DA:114,7
DA:115,7
DA:116,7
DA:117,7
DA:118,1
DA:119,1
DA:122,6
DA:123,1
DA:124,1
DA:126,5
DA:129,5
DA:130,5
DA:131,1
DA:132,1
DA:134,4
DA:135,4
DA:136,4
DA:137,4
DA:138,1
DA:139,1
DA:141,3
DA:142,2
DA:143,2
DA:144,2
DA:145,2
DA:147,1
DA:148,2
DA:150,1
DA:151,1
DA:152,1
DA:154,0
DA:155,0
DA:156,0
DA:162,6
DA:164,6
DA:165,6
DA:166,1
DA:167,1
DA:169,5
DA:170,1
DA:171,1
DA:174,4
DA:177,4
DA:178,4
DA:179,0
DA:180,0
DA:185,4
DA:186,4
DA:187,4
DA:188,4
DA:189,0
DA:190,0
DA:194,4
DA:195,3
DA:196,3
DA:197,3
DA:198,3
DA:202,1
DA:203,1
DA:204,0
DA:205,0
DA:206,0
DA:207,0
DA:210,1
DA:211,1
DA:214,1
DA:215,1
DA:217,1
DA:222,0
DA:223,0
DA:229,3
DA:234,18
DA:235,18
DA:236,18
DA:237,2
DA:238,2
DA:240,16
DA:241,1
DA:242,1
DA:244,15
DA:245,15
DA:246,1
DA:247,1
DA:249,14
DA:250,14
DA:252,14
DA:257,3
LF:144
LH:126
BRDA:10,0,0,2
BRDA:11,1,0,6
BRDA:11,1,1,5
BRDA:11,1,2,5
BRDA:11,1,3,4
BRDA:20,2,0,1
BRDA:44,3,0,1
BRDA:65,4,0,1
BRDA:66,5,0,10
BRDA:66,5,1,9
BRDA:66,5,2,9
BRDA:66,5,3,9
BRDA:76,6,0,1
BRDA:81,7,0,1
BRDA:86,8,0,1
BRDA:90,9,0,0
BRDA:117,10,0,1
BRDA:122,11,0,1
BRDA:130,12,0,1
BRDA:137,13,0,1
BRDA:141,14,0,2
BRDA:141,15,0,3
BRDA:141,15,1,3
BRDA:165,16,0,1
BRDA:169,17,0,1
BRDA:178,18,0,0
BRDA:188,19,0,0
BRDA:194,20,0,3
BRDA:194,21,0,4
BRDA:194,21,1,4
BRDA:203,22,0,0
BRDA:235,23,0,18
BRDA:235,23,1,16
BRDA:236,24,0,2
BRDA:240,25,0,1
BRDA:240,25,1,15
BRDA:245,26,0,1
BRF:37
BRH:33
end_of_record
TN:
SF:src\controllers\base_controller.ts
FN:6,(anonymous_7)
FN:10,(anonymous_8)
FN:26,(anonymous_10)
FN:49,(anonymous_12)
FN:68,(anonymous_14)
FNF:5
FNH:4
FNDA:6,(anonymous_7)
FNDA:7,(anonymous_8)
FNDA:10,(anonymous_10)
FNDA:5,(anonymous_12)
FNDA:0,(anonymous_14)
DA:4,3
DA:7,6
DA:11,7
DA:12,7
DA:13,6
DA:14,0
DA:15,0
DA:17,6
DA:18,6
DA:21,1
DA:22,1
DA:27,10
DA:29,10
DA:30,10
DA:31,3
DA:32,3
DA:33,1
DA:34,1
DA:36,2
DA:37,2
DA:39,7
DA:40,6
DA:41,6
DA:44,1
DA:45,1
DA:50,5
DA:51,5
DA:52,5
DA:53,5
DA:55,3
DA:56,1
DA:57,1
DA:59,2
DA:60,2
DA:63,2
DA:64,2
DA:68,3
DA:69,0
DA:72,3
LF:39
LH:36
BRDA:13,0,0,0
BRDA:13,0,1,6
BRDA:30,1,0,3
BRDA:30,1,1,7
BRDA:32,2,0,1
BRDA:55,3,0,1
BRDA:55,3,1,2
BRF:7
BRH:6
end_of_record
TN:
SF:src\controllers\comments_controller.ts
FN:6,(anonymous_8)
FN:10,(anonymous_9)
FN:28,(anonymous_11)
FN:50,(anonymous_13)
FNF:4
FNH:4
FNDA:3,(anonymous_8)
FNDA:2,(anonymous_9)
FNDA:2,(anonymous_11)
FNDA:2,(anonymous_13)
DA:1,3
DA:3,3
DA:7,3
DA:11,2
DA:12,2
DA:13,2
DA:14,2
DA:15,2
DA:16,2
DA:17,1
DA:18,1
DA:20,1
DA:21,1
DA:24,0
DA:29,2
DA:30,2
DA:31,2
DA:32,2
DA:37,1
DA:38,0
DA:39,0
DA:41,1
DA:42,1
DA:45,1
DA:46,1
DA:51,2
DA:52,2
DA:53,2
DA:56,1
DA:57,0
DA:58,0
DA:60,1
DA:61,1
DA:64,1
DA:65,1
DA:71,3
LF:36
LH:31
BRDA:16,0,0,1
BRDA:16,0,1,1
BRDA:37,1,0,0
BRDA:37,1,1,1
BRDA:56,2,0,0
BRDA:56,2,1,1
BRF:6
BRH:4
end_of_record
TN:
SF:src\controllers\posts_controller.ts
FN:8,(anonymous_8)
FN:13,(anonymous_9)
FN:35,(anonymous_11)
FNF:3
FNH:3
FNDA:3,(anonymous_8)
FNDA:2,(anonymous_9)
FNDA:5,(anonymous_11)
DA:1,3
DA:3,3
DA:10,3
DA:14,2
DA:15,2
DA:16,2
DA:17,2
DA:22,1
DA:23,0
DA:24,0
DA:26,1
DA:27,1
DA:30,1
DA:31,1
DA:36,5
DA:37,5
DA:38,0
DA:39,0
DA:42,5
DA:48,5
DA:49,1
DA:50,1
DA:53,4
DA:54,4
DA:59,3
LF:25
LH:21
BRDA:22,0,0,0
BRDA:22,0,1,1
BRDA:37,1,0,0
BRDA:48,2,0,1
BRDA:48,3,0,5
BRDA:48,3,1,5
BRDA:48,3,2,4
BRF:7
BRH:5
end_of_record
TN:
SF:src\modules\auth_model.ts
FNF:0
FNH:0
DA:1,3
DA:9,3
DA:25,3
DA:26,3
LF:4
LH:4
BRF:0
BRH:0
end_of_record
TN:
SF:src\modules\comments_model.ts
FNF:0
FNH:0
DA:1,3
DA:8,3
DA:24,3
DA:25,3
LF:4
LH:4
BRF:0
BRH:0
end_of_record
TN:
SF:src\modules\posts_model.ts
FNF:0
FNH:0
DA:1,3
DA:9,3
DA:24,3
DA:25,3
LF:4
LH:4
BRF:0
BRH:0
end_of_record
TN:
SF:src\routes\auth_routes.ts
FNF:0
FNH:0
DA:1,3
DA:2,3
DA:3,3
DA:40,3
DA:103,3
DA:159,3
DA:215,3
DA:278,3
LF:8
LH:8
BRF:0
BRH:0
end_of_record
TN:
SF:src\routes\comments_routes.ts
FN:13,(anonymous_1)
FN:75,(anonymous_2)
FN:134,(anonymous_3)
FN:276,(anonymous_4)
FNF:4
FNH:4
FNDA:8,(anonymous_1)
FNDA:2,(anonymous_2)
FNDA:3,(anonymous_3)
FNDA:2,(anonymous_4)
DA:1,3
DA:2,3
DA:3,3
DA:5,3
DA:13,3
DA:14,8
DA:15,6
DA:17,2
DA:75,3
DA:76,2
DA:134,3
DA:135,3
DA:197,3
DA:276,3
DA:277,2
DA:325,3
LF:16
LH:16
BRDA:14,0,0,6
BRDA:14,0,1,2
BRF:2
BRH:2
end_of_record
TN:
SF:src\routes\posts_routes.ts
FN:12,(anonymous_1)
FN:122,(anonymous_2)
FNF:2
FNH:2
FNDA:5,(anonymous_1)
FNDA:3,(anonymous_2)
DA:1,3
DA:2,3
DA:3,3
DA:4,3
DA:12,3
DA:13,5
DA:71,3
DA:122,3
DA:123,3
DA:173,3
DA:249,3
LF:11
LH:11
BRF:0
BRH:0
end_of_record
