TN:
SF:src\server.ts
FN:12,(anonymous_8)
FN:12,(anonymous_9)
FN:13,(anonymous_10)
FN:16,(anonymous_11)
FN:20,(anonymous_12)
FN:32,(anonymous_13)
FN:46,(anonymous_14)
FNF:7
FNH:5
FNDA:2,(anonymous_8)
FNDA:2,(anonymous_9)
FNDA:2,(anonymous_10)
FNDA:0,(anonymous_11)
FNDA:2,(anonymous_12)
FNDA:2,(anonymous_13)
FNDA:0,(anonymous_14)
DA:1,2
DA:2,2
DA:3,2
DA:4,2
DA:5,2
DA:6,2
DA:8,2
DA:10,2
DA:12,2
DA:13,2
DA:14,2
DA:16,2
DA:17,0
DA:20,2
DA:21,2
DA:24,2
DA:25,0
DA:26,0
DA:27,0
DA:30,2
DA:33,2
DA:36,2
DA:37,2
DA:40,2
DA:41,2
DA:43,2
DA:46,2
DA:47,0
DA:48,0
DA:51,2
DA:57,2
LF:31
LH:25
BRDA:24,0,0,0
BRF:1
BRH:0
end_of_record
TN:
SF:src\controllers\base_controller.ts
FN:6,(anonymous_7)
FN:10,(anonymous_8)
FN:29,(anonymous_10)
FN:48,(anonymous_12)
FN:68,(anonymous_14)
FNF:5
FNH:4
FNDA:4,(anonymous_7)
FNDA:4,(anonymous_8)
FNDA:7,(anonymous_10)
FNDA:5,(anonymous_12)
FNDA:0,(anonymous_14)
DA:4,2
DA:7,4
DA:11,4
DA:12,4
DA:14,4
DA:15,4
DA:16,2
DA:17,0
DA:18,0
DA:20,2
DA:21,2
DA:24,2
DA:25,2
DA:30,7
DA:32,7
DA:33,7
DA:34,1
DA:35,1
DA:36,1
DA:38,6
DA:39,6
DA:40,6
DA:43,0
DA:44,0
DA:49,5
DA:50,5
DA:51,5
DA:52,5
DA:53,5
DA:55,3
DA:56,1
DA:57,1
DA:59,2
DA:60,2
DA:63,2
DA:64,2
DA:68,2
DA:69,0
DA:72,2
LF:39
LH:34
BRDA:16,0,0,0
BRDA:16,0,1,2
BRDA:33,1,0,1
BRDA:33,1,1,6
BRDA:55,2,0,1
BRDA:55,2,1,2
BRF:6
BRH:5
end_of_record
TN:
SF:src\controllers\comments_controller.ts
FN:6,(anonymous_8)
FN:10,(anonymous_9)
FN:30,(anonymous_11)
FN:52,(anonymous_13)
FNF:4
FNH:4
FNDA:2,(anonymous_8)
FNDA:1,(anonymous_9)
FNDA:2,(anonymous_11)
FNDA:2,(anonymous_13)
DA:1,2
DA:3,2
DA:7,2
DA:11,1
DA:12,1
DA:13,1
DA:14,1
DA:15,1
DA:16,1
DA:17,1
DA:20,1
DA:22,0
DA:23,0
DA:26,0
DA:31,2
DA:32,2
DA:33,2
DA:34,2
DA:39,1
DA:40,0
DA:41,0
DA:43,1
DA:44,1
DA:47,1
DA:48,1
DA:53,2
DA:54,2
DA:55,2
DA:57,2
DA:58,2
DA:61,1
DA:62,0
DA:63,0
DA:65,1
DA:66,1
DA:69,1
DA:70,1
DA:75,2
LF:38
LH:31
BRDA:16,0,0,1
BRDA:16,0,1,0
BRDA:39,1,0,0
BRDA:39,1,1,1
BRDA:61,2,0,0
BRDA:61,2,1,1
BRF:6
BRH:3
end_of_record
TN:
SF:src\controllers\posts_controller.ts
FN:6,(anonymous_8)
FN:10,(anonymous_9)
FNF:2
FNH:2
FNDA:2,(anonymous_8)
FNDA:1,(anonymous_9)
DA:1,2
DA:3,2
DA:7,2
DA:11,1
DA:12,1
DA:13,1
DA:14,1
DA:19,1
DA:20,0
DA:21,0
DA:23,1
DA:24,1
DA:27,0
DA:28,0
DA:33,2
LF:15
LH:11
BRDA:19,0,0,0
BRDA:19,0,1,1
BRF:2
BRH:1
end_of_record
TN:
SF:src\modules\comments_model.ts
FNF:0
FNH:0
DA:1,2
DA:8,2
DA:24,2
DA:25,2
LF:4
LH:4
BRF:0
BRH:0
end_of_record
TN:
SF:src\modules\posts_model.ts
FNF:0
FNH:0
DA:1,2
DA:9,2
DA:24,2
DA:25,2
LF:4
LH:4
BRF:0
BRH:0
end_of_record
TN:
SF:src\routes\comments_routes.ts
FN:5,(anonymous_1)
FN:13,(anonymous_2)
FN:16,(anonymous_3)
FN:20,(anonymous_4)
FNF:4
FNH:4
FNDA:4,(anonymous_1)
FNDA:2,(anonymous_2)
FNDA:2,(anonymous_3)
FNDA:2,(anonymous_4)
DA:1,2
DA:2,2
DA:3,2
DA:5,2
DA:6,4
DA:7,3
DA:9,1
DA:13,2
DA:14,2
DA:16,2
DA:17,2
DA:19,2
DA:20,2
DA:21,2
DA:24,2
LF:15
LH:15
BRDA:6,0,0,3
BRDA:6,0,1,1
BRF:2
BRH:2
end_of_record
TN:
SF:src\routes\posts_routes.ts
FN:5,(anonymous_1)
FN:9,(anonymous_2)
FNF:2
FNH:2
FNDA:2,(anonymous_1)
FNDA:3,(anonymous_2)
DA:1,2
DA:2,2
DA:3,2
DA:5,2
DA:6,2
DA:8,2
DA:9,2
DA:10,3
DA:12,2
DA:14,2
LF:10
LH:10
BRF:0
BRH:0
end_of_record
